
*** Running vivado
    with args -log top_spi_slave_led.vds -m64 -product Vivado -mode batch -messageDb vivado.pb -notrace -source top_spi_slave_led.tcl


****** Vivado v2024.2 (64-bit)
  **** SW Build 5239630 on Fri Nov 08 22:34:34 MST 2024
  **** IP Build 5239520 on Sun Nov 10 16:12:51 MST 2024
  **** SharedData Build 5239561 on Fri Nov 08 14:39:27 MST 2024
  **** Start of session at: Mon Mar 24 21:50:08 2025
    ** Copyright 1986-2022 Xilinx, Inc. All Rights Reserved.
    ** Copyright 2022-2024 Advanced Micro Devices, Inc. All Rights Reserved.

source top_spi_slave_led.tcl -notrace
create_project: Time (s): cpu = 00:00:05 ; elapsed = 00:00:05 . Memory (MB): peak = 1512.660 ; gain = 76.840 ; free physical = 11318 ; free virtual = 24922
Command: read_checkpoint -auto_incremental -incremental /home/lukas/OneDrive/raspberry/hdlc_playground/spi_fpga/spi_slave/spi_slave.srcs/utils_1/imports/synth_1/top_spi_slave_led.dcp
INFO: [Vivado 12-5825] Read reference checkpoint from /home/lukas/OneDrive/raspberry/hdlc_playground/spi_fpga/spi_slave/spi_slave.srcs/utils_1/imports/synth_1/top_spi_slave_led.dcp for incremental synthesis
INFO: [Vivado 12-7989] Please ensure there are no constraint changes
Command: synth_design -top top_spi_slave_led -part xc7a35tcpg236-1
Starting synth_design
Attempting to get a license for feature 'Synthesis' and/or device 'xc7a35t'
INFO: [Common 17-349] Got license for feature 'Synthesis' and/or device 'xc7a35t'
INFO: [Device 21-403] Loading part xc7a35tcpg236-1
INFO: [Designutils 20-5440] No compile time benefit to using incremental synthesis; A full resynthesis will be run
INFO: [Designutils 20-4379] Flow is switching to default flow due to incremental criteria not met. If you would like to alter this behaviour and have the flow terminate instead, please set the following parameter config_implementation {autoIncr.Synth.RejectBehavior Terminate}
INFO: [Synth 8-7079] Multithreading enabled for synth_design using a maximum of 7 processes.
INFO: [Synth 8-7078] Launching helper process for spawning children vivado processes
INFO: [Synth 8-7075] Helper process launched with PID 57147
---------------------------------------------------------------------------------
Starting RTL Elaboration : Time (s): cpu = 00:00:03 ; elapsed = 00:00:03 . Memory (MB): peak = 2112.719 ; gain = 428.801 ; free physical = 10422 ; free virtual = 24026
---------------------------------------------------------------------------------
WARNING: [Synth 8-11121] redeclaration of ANSI port 'o_RX_DV' is not allowed [/home/lukas/OneDrive/raspberry/hdlc_playground/spi_fpga/spi_slave/spi_slave.srcs/sources_1/new/spi_slave.v:61]
INFO: [Synth 8-6157] synthesizing module 'top_spi_slave_led' [/home/lukas/OneDrive/raspberry/hdlc_playground/spi_fpga/spi_slave/spi_slave.srcs/sources_1/new/top_spi_slave_led.v:1]
INFO: [Synth 8-6157] synthesizing module 'SPI_Slave' [/home/lukas/OneDrive/raspberry/hdlc_playground/spi_fpga/spi_slave/spi_slave.srcs/sources_1/new/spi_slave.v:26]
INFO: [Synth 8-6155] done synthesizing module 'SPI_Slave' (0#1) [/home/lukas/OneDrive/raspberry/hdlc_playground/spi_fpga/spi_slave/spi_slave.srcs/sources_1/new/spi_slave.v:26]
INFO: [Synth 8-6155] done synthesizing module 'top_spi_slave_led' (0#1) [/home/lukas/OneDrive/raspberry/hdlc_playground/spi_fpga/spi_slave/spi_slave.srcs/sources_1/new/top_spi_slave_led.v:1]
WARNING: [Synth 8-7129] Port i_Rst_L in module SPI_Slave is either unconnected or has no load
---------------------------------------------------------------------------------
Finished RTL Elaboration : Time (s): cpu = 00:00:04 ; elapsed = 00:00:04 . Memory (MB): peak = 2184.688 ; gain = 500.770 ; free physical = 10337 ; free virtual = 23941
---------------------------------------------------------------------------------
---------------------------------------------------------------------------------
Start Handling Custom Attributes
---------------------------------------------------------------------------------
---------------------------------------------------------------------------------
Finished Handling Custom Attributes : Time (s): cpu = 00:00:04 ; elapsed = 00:00:04 . Memory (MB): peak = 2202.500 ; gain = 518.582 ; free physical = 10337 ; free virtual = 23941
---------------------------------------------------------------------------------
---------------------------------------------------------------------------------
Finished RTL Optimization Phase 1 : Time (s): cpu = 00:00:04 ; elapsed = 00:00:04 . Memory (MB): peak = 2202.500 ; gain = 518.582 ; free physical = 10337 ; free virtual = 23941
---------------------------------------------------------------------------------
Netlist sorting complete. Time (s): cpu = 00:00:00 ; elapsed = 00:00:00 . Memory (MB): peak = 2202.500 ; gain = 0.000 ; free physical = 10337 ; free virtual = 23941
INFO: [Project 1-570] Preparing netlist for logic optimization

Processing XDC Constraints
Initializing timing engine
Parsing XDC File [/home/lukas/OneDrive/raspberry/hdlc_playground/spi_fpga/spi_slave/spi_slave.srcs/constrs_1/new/spi_constr.xdc]
WARNING: [Vivado 12-507] No nets matched 'i_SPI_Clk_IBUF'. [/home/lukas/OneDrive/raspberry/hdlc_playground/spi_fpga/spi_slave/spi_slave.srcs/constrs_1/new/spi_constr.xdc:21]
CRITICAL WARNING: [Common 17-55] 'set_property' expects at least one object. [/home/lukas/OneDrive/raspberry/hdlc_playground/spi_fpga/spi_slave/spi_slave.srcs/constrs_1/new/spi_constr.xdc:21]
Resolution: If [get_<value>] was used to populate the object, check to make sure this command returns at least one valid object.
Finished Parsing XDC File [/home/lukas/OneDrive/raspberry/hdlc_playground/spi_fpga/spi_slave/spi_slave.srcs/constrs_1/new/spi_constr.xdc]
INFO: [Project 1-236] Implementation specific constraints were found while reading constraint file [/home/lukas/OneDrive/raspberry/hdlc_playground/spi_fpga/spi_slave/spi_slave.srcs/constrs_1/new/spi_constr.xdc]. These constraints will be ignored for synthesis but will be used in implementation. Impacted constraints are listed in the file [.Xil/top_spi_slave_led_propImpl.xdc].
Resolution: To avoid this warning, move constraints listed in [.Xil/top_spi_slave_led_propImpl.xdc] to another XDC file and exclude this new file from synthesis with the used_in_synthesis property (File Properties dialog in GUI) and re-run elaboration/synthesis.
Completed Processing XDC Constraints

Netlist sorting complete. Time (s): cpu = 00:00:00 ; elapsed = 00:00:00 . Memory (MB): peak = 2349.250 ; gain = 0.000 ; free physical = 10337 ; free virtual = 23941
INFO: [Project 1-111] Unisim Transformation Summary:
No Unisim elements were transformed.

Constraint Validation Runtime : Time (s): cpu = 00:00:00 ; elapsed = 00:00:00 . Memory (MB): peak = 2349.250 ; gain = 0.000 ; free physical = 10337 ; free virtual = 23941
INFO: [Designutils 20-5440] No compile time benefit to using incremental synthesis; A full resynthesis will be run
INFO: [Designutils 20-4379] Flow is switching to default flow due to incremental criteria not met. If you would like to alter this behaviour and have the flow terminate instead, please set the following parameter config_implementation {autoIncr.Synth.RejectBehavior Terminate}
---------------------------------------------------------------------------------
Finished Constraint Validation : Time (s): cpu = 00:00:08 ; elapsed = 00:00:08 . Memory (MB): peak = 2349.250 ; gain = 665.332 ; free physical = 10359 ; free virtual = 23963
---------------------------------------------------------------------------------
---------------------------------------------------------------------------------
Start Loading Part and Timing Information
---------------------------------------------------------------------------------
Loading part: xc7a35tcpg236-1
---------------------------------------------------------------------------------
Finished Loading Part and Timing Information : Time (s): cpu = 00:00:08 ; elapsed = 00:00:08 . Memory (MB): peak = 2357.254 ; gain = 673.336 ; free physical = 10359 ; free virtual = 23963
---------------------------------------------------------------------------------
---------------------------------------------------------------------------------
Start Applying 'set_property' XDC Constraints
---------------------------------------------------------------------------------
---------------------------------------------------------------------------------
Finished applying 'set_property' XDC Constraints : Time (s): cpu = 00:00:08 ; elapsed = 00:00:08 . Memory (MB): peak = 2357.254 ; gain = 673.336 ; free physical = 10359 ; free virtual = 23963
---------------------------------------------------------------------------------
---------------------------------------------------------------------------------
Finished RTL Optimization Phase 2 : Time (s): cpu = 00:00:08 ; elapsed = 00:00:08 . Memory (MB): peak = 2357.254 ; gain = 673.336 ; free physical = 10356 ; free virtual = 23965
---------------------------------------------------------------------------------
---------------------------------------------------------------------------------
Start RTL Component Statistics 
---------------------------------------------------------------------------------
Detailed RTL Component Info : 
+---Adders : 
	   2 Input    8 Bit       Adders := 1     
	   2 Input    3 Bit       Adders := 1     
+---Registers : 
	                8 Bit    Registers := 5     
	                3 Bit    Registers := 3     
	                2 Bit    Registers := 1     
	                1 Bit    Registers := 1     
+---Muxes : 
	   5 Input    8 Bit        Muxes := 1     
	   4 Input    8 Bit        Muxes := 1     
	   2 Input    8 Bit        Muxes := 1     
---------------------------------------------------------------------------------
Finished RTL Component Statistics 
---------------------------------------------------------------------------------
---------------------------------------------------------------------------------
Start Part Resource Summary
---------------------------------------------------------------------------------
Part Resources:
DSPs: 90 (col length:60)
BRAMs: 100 (col length: RAMB18 60 RAMB36 30)
---------------------------------------------------------------------------------
Finished Part Resource Summary
---------------------------------------------------------------------------------
---------------------------------------------------------------------------------
Start Cross Boundary and Area Optimization
---------------------------------------------------------------------------------
WARNING: [Synth 8-7080] Parallel synthesis criteria is not met
CRITICAL WARNING: [Synth 8-6859] multi-driven net on pin o_RX_Byte[7] with 1st driver pin 'u_spi_slave/o_RX_Byte_reg[7]/Q' [/home/lukas/OneDrive/raspberry/hdlc_playground/spi_fpga/spi_slave/spi_slave.srcs/sources_1/new/spi_slave.v:82]
CRITICAL WARNING: [Synth 8-6859] multi-driven net on pin o_RX_Byte[7] with 2nd driver pin 'GND' [/home/lukas/OneDrive/raspberry/hdlc_playground/spi_fpga/spi_slave/spi_slave.srcs/sources_1/new/spi_slave.v:82]
CRITICAL WARNING: [Synth 8-6858] multi-driven net o_RX_Byte[7] is connected to at least one constant driver which has been preserved, other driver is ignored [/home/lukas/OneDrive/raspberry/hdlc_playground/spi_fpga/spi_slave/spi_slave.srcs/sources_1/new/spi_slave.v:82]
CRITICAL WARNING: [Synth 8-6859] multi-driven net on pin o_RX_Byte[6] with 1st driver pin 'u_spi_slave/o_RX_Byte_reg[6]/Q' [/home/lukas/OneDrive/raspberry/hdlc_playground/spi_fpga/spi_slave/spi_slave.srcs/sources_1/new/spi_slave.v:82]
CRITICAL WARNING: [Synth 8-6859] multi-driven net on pin o_RX_Byte[6] with 2nd driver pin 'GND' [/home/lukas/OneDrive/raspberry/hdlc_playground/spi_fpga/spi_slave/spi_slave.srcs/sources_1/new/spi_slave.v:82]
CRITICAL WARNING: [Synth 8-6858] multi-driven net o_RX_Byte[6] is connected to at least one constant driver which has been preserved, other driver is ignored [/home/lukas/OneDrive/raspberry/hdlc_playground/spi_fpga/spi_slave/spi_slave.srcs/sources_1/new/spi_slave.v:82]
CRITICAL WARNING: [Synth 8-6859] multi-driven net on pin o_RX_Byte[5] with 1st driver pin 'u_spi_slave/o_RX_Byte_reg[5]/Q' [/home/lukas/OneDrive/raspberry/hdlc_playground/spi_fpga/spi_slave/spi_slave.srcs/sources_1/new/spi_slave.v:82]
CRITICAL WARNING: [Synth 8-6859] multi-driven net on pin o_RX_Byte[5] with 2nd driver pin 'GND' [/home/lukas/OneDrive/raspberry/hdlc_playground/spi_fpga/spi_slave/spi_slave.srcs/sources_1/new/spi_slave.v:82]
CRITICAL WARNING: [Synth 8-6858] multi-driven net o_RX_Byte[5] is connected to at least one constant driver which has been preserved, other driver is ignored [/home/lukas/OneDrive/raspberry/hdlc_playground/spi_fpga/spi_slave/spi_slave.srcs/sources_1/new/spi_slave.v:82]
CRITICAL WARNING: [Synth 8-6859] multi-driven net on pin o_RX_Byte[4] with 1st driver pin 'u_spi_slave/o_RX_Byte_reg[4]/Q' [/home/lukas/OneDrive/raspberry/hdlc_playground/spi_fpga/spi_slave/spi_slave.srcs/sources_1/new/spi_slave.v:82]
CRITICAL WARNING: [Synth 8-6859] multi-driven net on pin o_RX_Byte[4] with 2nd driver pin 'GND' [/home/lukas/OneDrive/raspberry/hdlc_playground/spi_fpga/spi_slave/spi_slave.srcs/sources_1/new/spi_slave.v:82]
CRITICAL WARNING: [Synth 8-6858] multi-driven net o_RX_Byte[4] is connected to at least one constant driver which has been preserved, other driver is ignored [/home/lukas/OneDrive/raspberry/hdlc_playground/spi_fpga/spi_slave/spi_slave.srcs/sources_1/new/spi_slave.v:82]
CRITICAL WARNING: [Synth 8-6859] multi-driven net on pin o_RX_Byte[3] with 1st driver pin 'u_spi_slave/o_RX_Byte_reg[3]/Q' [/home/lukas/OneDrive/raspberry/hdlc_playground/spi_fpga/spi_slave/spi_slave.srcs/sources_1/new/spi_slave.v:82]
CRITICAL WARNING: [Synth 8-6859] multi-driven net on pin o_RX_Byte[3] with 2nd driver pin 'GND' [/home/lukas/OneDrive/raspberry/hdlc_playground/spi_fpga/spi_slave/spi_slave.srcs/sources_1/new/spi_slave.v:82]
CRITICAL WARNING: [Synth 8-6858] multi-driven net o_RX_Byte[3] is connected to at least one constant driver which has been preserved, other driver is ignored [/home/lukas/OneDrive/raspberry/hdlc_playground/spi_fpga/spi_slave/spi_slave.srcs/sources_1/new/spi_slave.v:82]
CRITICAL WARNING: [Synth 8-6859] multi-driven net on pin o_RX_Byte[2] with 1st driver pin 'u_spi_slave/o_RX_Byte_reg[2]/Q' [/home/lukas/OneDrive/raspberry/hdlc_playground/spi_fpga/spi_slave/spi_slave.srcs/sources_1/new/spi_slave.v:82]
CRITICAL WARNING: [Synth 8-6859] multi-driven net on pin o_RX_Byte[2] with 2nd driver pin 'GND' [/home/lukas/OneDrive/raspberry/hdlc_playground/spi_fpga/spi_slave/spi_slave.srcs/sources_1/new/spi_slave.v:82]
CRITICAL WARNING: [Synth 8-6858] multi-driven net o_RX_Byte[2] is connected to at least one constant driver which has been preserved, other driver is ignored [/home/lukas/OneDrive/raspberry/hdlc_playground/spi_fpga/spi_slave/spi_slave.srcs/sources_1/new/spi_slave.v:82]
CRITICAL WARNING: [Synth 8-6859] multi-driven net on pin o_RX_Byte[1] with 1st driver pin 'u_spi_slave/o_RX_Byte_reg[1]/Q' [/home/lukas/OneDrive/raspberry/hdlc_playground/spi_fpga/spi_slave/spi_slave.srcs/sources_1/new/spi_slave.v:82]
CRITICAL WARNING: [Synth 8-6859] multi-driven net on pin o_RX_Byte[1] with 2nd driver pin 'GND' [/home/lukas/OneDrive/raspberry/hdlc_playground/spi_fpga/spi_slave/spi_slave.srcs/sources_1/new/spi_slave.v:82]
CRITICAL WARNING: [Synth 8-6858] multi-driven net o_RX_Byte[1] is connected to at least one constant driver which has been preserved, other driver is ignored [/home/lukas/OneDrive/raspberry/hdlc_playground/spi_fpga/spi_slave/spi_slave.srcs/sources_1/new/spi_slave.v:82]
CRITICAL WARNING: [Synth 8-6859] multi-driven net on pin o_RX_Byte[0] with 1st driver pin 'u_spi_slave/o_RX_Byte_reg[0]/Q' [/home/lukas/OneDrive/raspberry/hdlc_playground/spi_fpga/spi_slave/spi_slave.srcs/sources_1/new/spi_slave.v:82]
CRITICAL WARNING: [Synth 8-6859] multi-driven net on pin o_RX_Byte[0] with 2nd driver pin 'GND' [/home/lukas/OneDrive/raspberry/hdlc_playground/spi_fpga/spi_slave/spi_slave.srcs/sources_1/new/spi_slave.v:82]
CRITICAL WARNING: [Synth 8-6858] multi-driven net o_RX_Byte[0] is connected to at least one constant driver which has been preserved, other driver is ignored [/home/lukas/OneDrive/raspberry/hdlc_playground/spi_fpga/spi_slave/spi_slave.srcs/sources_1/new/spi_slave.v:82]
---------------------------------------------------------------------------------
Finished Cross Boundary and Area Optimization : Time (s): cpu = 00:00:09 ; elapsed = 00:00:09 . Memory (MB): peak = 2357.254 ; gain = 673.336 ; free physical = 10246 ; free virtual = 23888
---------------------------------------------------------------------------------
---------------------------------------------------------------------------------
Start Applying XDC Timing Constraints
---------------------------------------------------------------------------------
---------------------------------------------------------------------------------
Finished Applying XDC Timing Constraints : Time (s): cpu = 00:00:13 ; elapsed = 00:00:13 . Memory (MB): peak = 2383.254 ; gain = 699.336 ; free physical = 10145 ; free virtual = 23800
---------------------------------------------------------------------------------
---------------------------------------------------------------------------------
Start Timing Optimization
---------------------------------------------------------------------------------
---------------------------------------------------------------------------------
Finished Timing Optimization : Time (s): cpu = 00:00:13 ; elapsed = 00:00:13 . Memory (MB): peak = 2383.254 ; gain = 699.336 ; free physical = 10145 ; free virtual = 23800
---------------------------------------------------------------------------------
---------------------------------------------------------------------------------
Start Technology Mapping
---------------------------------------------------------------------------------
---------------------------------------------------------------------------------
Finished Technology Mapping : Time (s): cpu = 00:00:13 ; elapsed = 00:00:13 . Memory (MB): peak = 2402.285 ; gain = 718.367 ; free physical = 10131 ; free virtual = 23786
---------------------------------------------------------------------------------
---------------------------------------------------------------------------------
Start IO Insertion
---------------------------------------------------------------------------------
---------------------------------------------------------------------------------
Start Flattening Before IO Insertion
---------------------------------------------------------------------------------
---------------------------------------------------------------------------------
Finished Flattening Before IO Insertion
---------------------------------------------------------------------------------
---------------------------------------------------------------------------------
Start Final Netlist Cleanup
---------------------------------------------------------------------------------
---------------------------------------------------------------------------------
Finished Final Netlist Cleanup
---------------------------------------------------------------------------------
---------------------------------------------------------------------------------
Finished IO Insertion : Time (s): cpu = 00:00:15 ; elapsed = 00:00:15 . Memory (MB): peak = 2554.098 ; gain = 870.180 ; free physical = 9956 ; free virtual = 23624
---------------------------------------------------------------------------------
---------------------------------------------------------------------------------
Start Renaming Generated Instances
---------------------------------------------------------------------------------
---------------------------------------------------------------------------------
Finished Renaming Generated Instances : Time (s): cpu = 00:00:15 ; elapsed = 00:00:15 . Memory (MB): peak = 2554.098 ; gain = 870.180 ; free physical = 9956 ; free virtual = 23626
---------------------------------------------------------------------------------
---------------------------------------------------------------------------------
Start Rebuilding User Hierarchy
---------------------------------------------------------------------------------
---------------------------------------------------------------------------------
Finished Rebuilding User Hierarchy : Time (s): cpu = 00:00:15 ; elapsed = 00:00:15 . Memory (MB): peak = 2554.098 ; gain = 870.180 ; free physical = 9955 ; free virtual = 23623
---------------------------------------------------------------------------------
---------------------------------------------------------------------------------
Start Renaming Generated Ports
---------------------------------------------------------------------------------
---------------------------------------------------------------------------------
Finished Renaming Generated Ports : Time (s): cpu = 00:00:15 ; elapsed = 00:00:15 . Memory (MB): peak = 2554.098 ; gain = 870.180 ; free physical = 9955 ; free virtual = 23623
---------------------------------------------------------------------------------
---------------------------------------------------------------------------------
Start Handling Custom Attributes
---------------------------------------------------------------------------------
---------------------------------------------------------------------------------
Finished Handling Custom Attributes : Time (s): cpu = 00:00:15 ; elapsed = 00:00:15 . Memory (MB): peak = 2554.098 ; gain = 870.180 ; free physical = 9955 ; free virtual = 23623
---------------------------------------------------------------------------------
---------------------------------------------------------------------------------
Start Renaming Generated Nets
---------------------------------------------------------------------------------
---------------------------------------------------------------------------------
Finished Renaming Generated Nets : Time (s): cpu = 00:00:15 ; elapsed = 00:00:15 . Memory (MB): peak = 2554.098 ; gain = 870.180 ; free physical = 9955 ; free virtual = 23623
---------------------------------------------------------------------------------
---------------------------------------------------------------------------------
Start Writing Synthesis Report
---------------------------------------------------------------------------------

Report BlackBoxes: 
+-+--------------+----------+
| |BlackBox name |Instances |
+-+--------------+----------+
+-+--------------+----------+

Report Cell Usage: 
+------+-----+------+
|      |Cell |Count |
+------+-----+------+
|1     |BUFG |     1|
|2     |LUT1 |     1|
|3     |LUT2 |     3|
|4     |LUT3 |    10|
|5     |LUT4 |     3|
|6     |LUT5 |     2|
|7     |LUT6 |     5|
|8     |FDRE |    25|
|9     |IBUF |     3|
|10    |OBUF |     9|
+------+-----+------+
---------------------------------------------------------------------------------
Finished Writing Synthesis Report : Time (s): cpu = 00:00:15 ; elapsed = 00:00:15 . Memory (MB): peak = 2554.098 ; gain = 870.180 ; free physical = 9955 ; free virtual = 23623
---------------------------------------------------------------------------------
Synthesis finished with 0 errors, 24 critical warnings and 1 warnings.
Synthesis Optimization Runtime : Time (s): cpu = 00:00:14 ; elapsed = 00:00:14 . Memory (MB): peak = 2554.098 ; gain = 723.430 ; free physical = 9954 ; free virtual = 23622
Synthesis Optimization Complete : Time (s): cpu = 00:00:15 ; elapsed = 00:00:15 . Memory (MB): peak = 2554.105 ; gain = 870.180 ; free physical = 9954 ; free virtual = 23622
INFO: [Project 1-571] Translating synthesized netlist
Netlist sorting complete. Time (s): cpu = 00:00:00 ; elapsed = 00:00:00 . Memory (MB): peak = 2554.105 ; gain = 0.000 ; free physical = 9953 ; free virtual = 23621
INFO: [Project 1-570] Preparing netlist for logic optimization
INFO: [Opt 31-138] Pushed 0 inverter(s) to 0 load pin(s).
Netlist sorting complete. Time (s): cpu = 00:00:00 ; elapsed = 00:00:00 . Memory (MB): peak = 2610.125 ; gain = 0.000 ; free physical = 10047 ; free virtual = 23732
INFO: [Project 1-111] Unisim Transformation Summary:
No Unisim elements were transformed.

Synth Design complete | Checksum: 1c3d8e8f
INFO: [Common 17-83] Releasing license: Synthesis
23 Infos, 4 Warnings, 25 Critical Warnings and 0 Errors encountered.
synth_design completed successfully
synth_design: Time (s): cpu = 00:00:20 ; elapsed = 00:00:19 . Memory (MB): peak = 2610.125 ; gain = 1093.496 ; free physical = 10047 ; free virtual = 23732
INFO: [Common 17-2834] synth_design peak Physical Memory [PSS] (MB): overall = 1763.111; main = 1763.111; forked = 268.211
INFO: [Common 17-2834] synth_design peak Virtual Memory [VSS] (MB): overall = 3274.270; main = 2610.129; forked = 917.012
INFO: [runtcl-6] Synthesis results are not added to the cache due to CRITICAL_WARNING
Write ShapeDB Complete: Time (s): cpu = 00:00:00 ; elapsed = 00:00:00 . Memory (MB): peak = 2634.137 ; gain = 0.000 ; free physical = 10047 ; free virtual = 23732
INFO: [Common 17-1381] The checkpoint '/home/lukas/OneDrive/raspberry/hdlc_playground/spi_fpga/spi_slave/spi_slave.runs/synth_1/top_spi_slave_led.dcp' has been generated.
INFO: [Vivado 12-24828] Executing command : report_utilization -file top_spi_slave_led_utilization_synth.rpt -pb top_spi_slave_led_utilization_synth.pb
INFO: [Common 17-206] Exiting Vivado at Mon Mar 24 21:50:35 2025...
