#-----------------------------------------------------------
# Vivado v2024.2 (64-bit)
# SW Build 5239630 on Fri Nov 08 22:34:34 MST 2024
# IP Build 5239520 on Sun Nov 10 16:12:51 MST 2024
# SharedData Build 5239561 on Fri Nov 08 14:39:27 MST 2024
# Start of session at: Sat Mar 22 20:20:22 2025
# Process ID         : 1151885
# Current directory  : /home/lukas/OneDrive/raspberry/hdlc_playground
# Command line       : vivado
# Log file           : /home/lukas/OneDrive/raspberry/hdlc_playground/vivado.log
# Journal file       : /home/lukas/OneDrive/raspberry/hdlc_playground/vivado.jou
# Running On         : LukasDell
# Platform           : Ubuntu
# Operating System   : Ubuntu 24.04.2 LTS
# Processor Detail   : AMD Ryzen 5 5625U with Radeon Graphics
# CPU Frequency      : 3484.039 MHz
# CPU Physical cores : 6
# CPU Logical cores  : 12
# Host memory        : 24508 MB
# Swap memory        : 8589 MB
# Total Virtual      : 33098 MB
# Available Virtual  : 23256 MB
#-----------------------------------------------------------
start_gui
WARNING: [Board 49-26] cannot add Board Part xilinx.com:emb-plus-vpr-4616:part0:1.0 available at /home/lukas/fpga_vivado/Vivado/2024.2/data/xhub/boards/XilinxBoardStore/boards/Xilinx/emb-plus-vpr-4616/1.0/board.xml as part xcve2302-sfva784-2mp-e-s specified in board_part file is either invalid or not available
WARNING: [Board 49-26] cannot add Board Part xilinx.com:vck190:part0:2.2 available at /home/lukas/fpga_vivado/Vivado/2024.2/data/xhub/boards/XilinxBoardStore/boards/Xilinx/vck190/production/2.2/board.xml as part xcvc1902-vsva2197-2mp-e-s specified in board_part file is either invalid or not available
WARNING: [Board 49-26] cannot add Board Part xilinx.com:vck190:part0:3.0 available at /home/lukas/fpga_vivado/Vivado/2024.2/data/xhub/boards/XilinxBoardStore/boards/Xilinx/vck190/production/3.0/board.xml as part xcvc1902-vsva2197-2mp-e-s specified in board_part file is either invalid or not available
WARNING: [Board 49-26] cannot add Board Part xilinx.com:vck190:part0:3.1 available at /home/lukas/fpga_vivado/Vivado/2024.2/data/xhub/boards/XilinxBoardStore/boards/Xilinx/vck190/production/3.1/board.xml as part xcvc1902-vsva2197-2mp-e-s specified in board_part file is either invalid or not available
WARNING: [Board 49-26] cannot add Board Part xilinx.com:vck190:part0:3.2 available at /home/lukas/fpga_vivado/Vivado/2024.2/data/xhub/boards/XilinxBoardStore/boards/Xilinx/vck190/production/3.2/board.xml as part xcvc1902-vsva2197-2mp-e-s specified in board_part file is either invalid or not available
WARNING: [Board 49-26] cannot add Board Part xilinx.com:vck190:part0:3.3 available at /home/lukas/fpga_vivado/Vivado/2024.2/data/xhub/boards/XilinxBoardStore/boards/Xilinx/vck190/production/3.3/board.xml as part xcvc1902-vsva2197-2mp-e-s specified in board_part file is either invalid or not available
WARNING: [Board 49-26] cannot add Board Part xilinx.com:vck190_newl:part0:1.0 available at /home/lukas/fpga_vivado/Vivado/2024.2/data/xhub/boards/XilinxBoardStore/boards/Xilinx/vck190_newl/production/1.0/board.xml as part xcvc1902-vsva2197-2mp-e-s specified in board_part file is either invalid or not available
WARNING: [Board 49-26] cannot add Board Part xilinx.com:vck190_newl:part0:1.1 available at /home/lukas/fpga_vivado/Vivado/2024.2/data/xhub/boards/XilinxBoardStore/boards/Xilinx/vck190_newl/production/1.1/board.xml as part xcvc1902-vsva2197-2mp-e-s specified in board_part file is either invalid or not available
WARNING: [Board 49-26] cannot add Board Part xilinx.com:vck190_newl:part0:1.2 available at /home/lukas/fpga_vivado/Vivado/2024.2/data/xhub/boards/XilinxBoardStore/boards/Xilinx/vck190_newl/production/1.2/board.xml as part xcvc1902-vsva2197-2mp-e-s specified in board_part file is either invalid or not available
WARNING: [Board 49-26] cannot add Board Part xilinx.com:vek280:part0:1.0 available at /home/lukas/fpga_vivado/Vivado/2024.2/data/xhub/boards/XilinxBoardStore/boards/Xilinx/vek280/production/1.0/board.xml as part xcve2802-vsvh1760-2mp-e-s specified in board_part file is either invalid or not available
WARNING: [Board 49-26] cannot add Board Part xilinx.com:vek280:part0:1.1 available at /home/lukas/fpga_vivado/Vivado/2024.2/data/xhub/boards/XilinxBoardStore/boards/Xilinx/vek280/production/1.1/board.xml as part xcve2802-vsvh1760-2mp-e-s specified in board_part file is either invalid or not available
WARNING: [Board 49-26] cannot add Board Part xilinx.com:vek280:part0:1.2 available at /home/lukas/fpga_vivado/Vivado/2024.2/data/xhub/boards/XilinxBoardStore/boards/Xilinx/vek280/production/1.2/board.xml as part xcve2802-vsvh1760-2mp-e-s specified in board_part file is either invalid or not available
WARNING: [Board 49-26] cannot add Board Part xilinx.com:vhk158:part0:1.0 available at /home/lukas/fpga_vivado/Vivado/2024.2/data/xhub/boards/XilinxBoardStore/boards/Xilinx/vhk158/production/1.0/board.xml as part xcvh1582-vsva3697-2mp-e-s specified in board_part file is either invalid or not available
WARNING: [Board 49-26] cannot add Board Part xilinx.com:vhk158:part0:1.1 available at /home/lukas/fpga_vivado/Vivado/2024.2/data/xhub/boards/XilinxBoardStore/boards/Xilinx/vhk158/production/1.1/board.xml as part xcvh1582-vsva3697-2mp-e-s specified in board_part file is either invalid or not available
WARNING: [Board 49-26] cannot add Board Part xilinx.com:vhk158:part0:1.2 available at /home/lukas/fpga_vivado/Vivado/2024.2/data/xhub/boards/XilinxBoardStore/boards/Xilinx/vhk158/production/1.2/board.xml as part xcvh1582-vsva3697-2mp-e-s specified in board_part file is either invalid or not available
WARNING: [Board 49-26] cannot add Board Part xilinx.com:vmk180:part0:2.2 available at /home/lukas/fpga_vivado/Vivado/2024.2/data/xhub/boards/XilinxBoardStore/boards/Xilinx/vmk180/production/2.2/board.xml as part xcvm1802-vsva2197-2mp-e-s specified in board_part file is either invalid or not available
WARNING: [Board 49-26] cannot add Board Part xilinx.com:vmk180:part0:3.0 available at /home/lukas/fpga_vivado/Vivado/2024.2/data/xhub/boards/XilinxBoardStore/boards/Xilinx/vmk180/production/3.0/board.xml as part xcvm1802-vsva2197-2mp-e-s specified in board_part file is either invalid or not available
WARNING: [Board 49-26] cannot add Board Part xilinx.com:vmk180:part0:3.1 available at /home/lukas/fpga_vivado/Vivado/2024.2/data/xhub/boards/XilinxBoardStore/boards/Xilinx/vmk180/production/3.1/board.xml as part xcvm1802-vsva2197-2mp-e-s specified in board_part file is either invalid or not available
WARNING: [Board 49-26] cannot add Board Part xilinx.com:vmk180:part0:3.2 available at /home/lukas/fpga_vivado/Vivado/2024.2/data/xhub/boards/XilinxBoardStore/boards/Xilinx/vmk180/production/3.2/board.xml as part xcvm1802-vsva2197-2mp-e-s specified in board_part file is either invalid or not available
WARNING: [Board 49-26] cannot add Board Part xilinx.com:vmk180_newl:part0:1.0 available at /home/lukas/fpga_vivado/Vivado/2024.2/data/xhub/boards/XilinxBoardStore/boards/Xilinx/vmk180_newl/production/1.0/board.xml as part xcvm1802-vsva2197-2mp-e-s specified in board_part file is either invalid or not available
WARNING: [Board 49-26] cannot add Board Part xilinx.com:vmk180_newl:part0:1.1 available at /home/lukas/fpga_vivado/Vivado/2024.2/data/xhub/boards/XilinxBoardStore/boards/Xilinx/vmk180_newl/production/1.1/board.xml as part xcvm1802-vsva2197-2mp-e-s specified in board_part file is either invalid or not available
WARNING: [Board 49-26] cannot add Board Part xilinx.com:vpk120:part0:1.0 available at /home/lukas/fpga_vivado/Vivado/2024.2/data/xhub/boards/XilinxBoardStore/boards/Xilinx/vpk120/production/1.0/board.xml as part xcvp1202-vsva2785-2mp-e-s specified in board_part file is either invalid or not available
WARNING: [Board 49-26] cannot add Board Part xilinx.com:vpk120:part0:1.1 available at /home/lukas/fpga_vivado/Vivado/2024.2/data/xhub/boards/XilinxBoardStore/boards/Xilinx/vpk120/production/1.1/board.xml as part xcvp1202-vsva2785-2mp-e-s specified in board_part file is either invalid or not available
WARNING: [Board 49-26] cannot add Board Part xilinx.com:vpk120:part0:1.2 available at /home/lukas/fpga_vivado/Vivado/2024.2/data/xhub/boards/XilinxBoardStore/boards/Xilinx/vpk120/production/1.2/board.xml as part xcvp1202-vsva2785-2mp-e-s specified in board_part file is either invalid or not available
WARNING: [Board 49-26] cannot add Board Part xilinx.com:vpk180:part0:1.0 available at /home/lukas/fpga_vivado/Vivado/2024.2/data/xhub/boards/XilinxBoardStore/boards/Xilinx/vpk180/production/1.0/board.xml as part xcvp1802-lsvc4072-2mp-e-s specified in board_part file is either invalid or not available
WARNING: [Board 49-26] cannot add Board Part xilinx.com:vpk180:part0:1.1 available at /home/lukas/fpga_vivado/Vivado/2024.2/data/xhub/boards/XilinxBoardStore/boards/Xilinx/vpk180/production/1.1/board.xml as part xcvp1802-lsvc4072-2mp-e-s specified in board_part file is either invalid or not available
WARNING: [Board 49-26] cannot add Board Part xilinx.com:vpk180:part0:1.2 available at /home/lukas/fpga_vivado/Vivado/2024.2/data/xhub/boards/XilinxBoardStore/boards/Xilinx/vpk180/production/1.2/board.xml as part xcvp1802-lsvc4072-2mp-e-s specified in board_part file is either invalid or not available
WARNING: [Board 49-26] cannot add Board Part xilinx.com:zcu208ld:part0:2.0 available at /home/lukas/fpga_vivado/Vivado/2024.2/data/xhub/boards/XilinxBoardStore/boards/Xilinx/zcu208ld/production/2.0/board.xml as part xczu58dr-fsvg1517-2-i specified in board_part file is either invalid or not available
WARNING: [Board 49-26] cannot add Board Part xilinx.com:zcu216ld:part0:2.0 available at /home/lukas/fpga_vivado/Vivado/2024.2/data/xhub/boards/XilinxBoardStore/boards/Xilinx/zcu216ld/production/2.0/board.xml as part xczu59dr-ffvf1760-2-i specified in board_part file is either invalid or not available
WARNING: [Board 49-26] cannot add Board Part xilinx.com:zcu670ld:part0:1.0 available at /home/lukas/fpga_vivado/Vivado/2024.2/data/xhub/boards/XilinxBoardStore/boards/Xilinx/zcu670ld/1.0/board.xml as part xczu57dr-fsve1156-2-i specified in board_part file is either invalid or not available
WARNING: [Board 49-26] cannot add Board Part xilinx.com:emb-plus-vpr-4616:part0:1.0 available at /home/lukas/fpga_vivado/Vivado/2024.2/data/xhub/boards/XilinxBoardStore/boards/Xilinx/emb-plus-vpr-4616/1.0/board.xml as part xcve2302-sfva784-2mp-e-s specified in board_part file is either invalid or not available
WARNING: [Board 49-26] cannot add Board Part xilinx.com:vck190:part0:2.2 available at /home/lukas/fpga_vivado/Vivado/2024.2/data/xhub/boards/XilinxBoardStore/boards/Xilinx/vck190/production/2.2/board.xml as part xcvc1902-vsva2197-2mp-e-s specified in board_part file is either invalid or not available
WARNING: [Board 49-26] cannot add Board Part xilinx.com:vck190:part0:3.0 available at /home/lukas/fpga_vivado/Vivado/2024.2/data/xhub/boards/XilinxBoardStore/boards/Xilinx/vck190/production/3.0/board.xml as part xcvc1902-vsva2197-2mp-e-s specified in board_part file is either invalid or not available
WARNING: [Board 49-26] cannot add Board Part xilinx.com:vck190:part0:3.1 available at /home/lukas/fpga_vivado/Vivado/2024.2/data/xhub/boards/XilinxBoardStore/boards/Xilinx/vck190/production/3.1/board.xml as part xcvc1902-vsva2197-2mp-e-s specified in board_part file is either invalid or not available
WARNING: [Board 49-26] cannot add Board Part xilinx.com:vck190:part0:3.2 available at /home/lukas/fpga_vivado/Vivado/2024.2/data/xhub/boards/XilinxBoardStore/boards/Xilinx/vck190/production/3.2/board.xml as part xcvc1902-vsva2197-2mp-e-s specified in board_part file is either invalid or not available
WARNING: [Board 49-26] cannot add Board Part xilinx.com:vck190:part0:3.3 available at /home/lukas/fpga_vivado/Vivado/2024.2/data/xhub/boards/XilinxBoardStore/boards/Xilinx/vck190/production/3.3/board.xml as part xcvc1902-vsva2197-2mp-e-s specified in board_part file is either invalid or not available
WARNING: [Board 49-26] cannot add Board Part xilinx.com:vck190_newl:part0:1.0 available at /home/lukas/fpga_vivado/Vivado/2024.2/data/xhub/boards/XilinxBoardStore/boards/Xilinx/vck190_newl/production/1.0/board.xml as part xcvc1902-vsva2197-2mp-e-s specified in board_part file is either invalid or not available
WARNING: [Board 49-26] cannot add Board Part xilinx.com:vck190_newl:part0:1.1 available at /home/lukas/fpga_vivado/Vivado/2024.2/data/xhub/boards/XilinxBoardStore/boards/Xilinx/vck190_newl/production/1.1/board.xml as part xcvc1902-vsva2197-2mp-e-s specified in board_part file is either invalid or not available
WARNING: [Board 49-26] cannot add Board Part xilinx.com:vck190_newl:part0:1.2 available at /home/lukas/fpga_vivado/Vivado/2024.2/data/xhub/boards/XilinxBoardStore/boards/Xilinx/vck190_newl/production/1.2/board.xml as part xcvc1902-vsva2197-2mp-e-s specified in board_part file is either invalid or not available
WARNING: [Board 49-26] cannot add Board Part xilinx.com:vek280:part0:1.0 available at /home/lukas/fpga_vivado/Vivado/2024.2/data/xhub/boards/XilinxBoardStore/boards/Xilinx/vek280/production/1.0/board.xml as part xcve2802-vsvh1760-2mp-e-s specified in board_part file is either invalid or not available
WARNING: [Board 49-26] cannot add Board Part xilinx.com:vek280:part0:1.1 available at /home/lukas/fpga_vivado/Vivado/2024.2/data/xhub/boards/XilinxBoardStore/boards/Xilinx/vek280/production/1.1/board.xml as part xcve2802-vsvh1760-2mp-e-s specified in board_part file is either invalid or not available
WARNING: [Board 49-26] cannot add Board Part xilinx.com:vek280:part0:1.2 available at /home/lukas/fpga_vivado/Vivado/2024.2/data/xhub/boards/XilinxBoardStore/boards/Xilinx/vek280/production/1.2/board.xml as part xcve2802-vsvh1760-2mp-e-s specified in board_part file is either invalid or not available
WARNING: [Board 49-26] cannot add Board Part xilinx.com:vhk158:part0:1.0 available at /home/lukas/fpga_vivado/Vivado/2024.2/data/xhub/boards/XilinxBoardStore/boards/Xilinx/vhk158/production/1.0/board.xml as part xcvh1582-vsva3697-2mp-e-s specified in board_part file is either invalid or not available
WARNING: [Board 49-26] cannot add Board Part xilinx.com:vhk158:part0:1.1 available at /home/lukas/fpga_vivado/Vivado/2024.2/data/xhub/boards/XilinxBoardStore/boards/Xilinx/vhk158/production/1.1/board.xml as part xcvh1582-vsva3697-2mp-e-s specified in board_part file is either invalid or not available
WARNING: [Board 49-26] cannot add Board Part xilinx.com:vhk158:part0:1.2 available at /home/lukas/fpga_vivado/Vivado/2024.2/data/xhub/boards/XilinxBoardStore/boards/Xilinx/vhk158/production/1.2/board.xml as part xcvh1582-vsva3697-2mp-e-s specified in board_part file is either invalid or not available
WARNING: [Board 49-26] cannot add Board Part xilinx.com:vmk180:part0:2.2 available at /home/lukas/fpga_vivado/Vivado/2024.2/data/xhub/boards/XilinxBoardStore/boards/Xilinx/vmk180/production/2.2/board.xml as part xcvm1802-vsva2197-2mp-e-s specified in board_part file is either invalid or not available
WARNING: [Board 49-26] cannot add Board Part xilinx.com:vmk180:part0:3.0 available at /home/lukas/fpga_vivado/Vivado/2024.2/data/xhub/boards/XilinxBoardStore/boards/Xilinx/vmk180/production/3.0/board.xml as part xcvm1802-vsva2197-2mp-e-s specified in board_part file is either invalid or not available
WARNING: [Board 49-26] cannot add Board Part xilinx.com:vmk180:part0:3.1 available at /home/lukas/fpga_vivado/Vivado/2024.2/data/xhub/boards/XilinxBoardStore/boards/Xilinx/vmk180/production/3.1/board.xml as part xcvm1802-vsva2197-2mp-e-s specified in board_part file is either invalid or not available
WARNING: [Board 49-26] cannot add Board Part xilinx.com:vmk180:part0:3.2 available at /home/lukas/fpga_vivado/Vivado/2024.2/data/xhub/boards/XilinxBoardStore/boards/Xilinx/vmk180/production/3.2/board.xml as part xcvm1802-vsva2197-2mp-e-s specified in board_part file is either invalid or not available
WARNING: [Board 49-26] cannot add Board Part xilinx.com:vmk180_newl:part0:1.0 available at /home/lukas/fpga_vivado/Vivado/2024.2/data/xhub/boards/XilinxBoardStore/boards/Xilinx/vmk180_newl/production/1.0/board.xml as part xcvm1802-vsva2197-2mp-e-s specified in board_part file is either invalid or not available
WARNING: [Board 49-26] cannot add Board Part xilinx.com:vmk180_newl:part0:1.1 available at /home/lukas/fpga_vivado/Vivado/2024.2/data/xhub/boards/XilinxBoardStore/boards/Xilinx/vmk180_newl/production/1.1/board.xml as part xcvm1802-vsva2197-2mp-e-s specified in board_part file is either invalid or not available
WARNING: [Board 49-26] cannot add Board Part xilinx.com:vpk120:part0:1.0 available at /home/lukas/fpga_vivado/Vivado/2024.2/data/xhub/boards/XilinxBoardStore/boards/Xilinx/vpk120/production/1.0/board.xml as part xcvp1202-vsva2785-2mp-e-s specified in board_part file is either invalid or not available
WARNING: [Board 49-26] cannot add Board Part xilinx.com:vpk120:part0:1.1 available at /home/lukas/fpga_vivado/Vivado/2024.2/data/xhub/boards/XilinxBoardStore/boards/Xilinx/vpk120/production/1.1/board.xml as part xcvp1202-vsva2785-2mp-e-s specified in board_part file is either invalid or not available
WARNING: [Board 49-26] cannot add Board Part xilinx.com:vpk120:part0:1.2 available at /home/lukas/fpga_vivado/Vivado/2024.2/data/xhub/boards/XilinxBoardStore/boards/Xilinx/vpk120/production/1.2/board.xml as part xcvp1202-vsva2785-2mp-e-s specified in board_part file is either invalid or not available
WARNING: [Board 49-26] cannot add Board Part xilinx.com:vpk180:part0:1.0 available at /home/lukas/fpga_vivado/Vivado/2024.2/data/xhub/boards/XilinxBoardStore/boards/Xilinx/vpk180/production/1.0/board.xml as part xcvp1802-lsvc4072-2mp-e-s specified in board_part file is either invalid or not available
WARNING: [Board 49-26] cannot add Board Part xilinx.com:vpk180:part0:1.1 available at /home/lukas/fpga_vivado/Vivado/2024.2/data/xhub/boards/XilinxBoardStore/boards/Xilinx/vpk180/production/1.1/board.xml as part xcvp1802-lsvc4072-2mp-e-s specified in board_part file is either invalid or not available
WARNING: [Board 49-26] cannot add Board Part xilinx.com:vpk180:part0:1.2 available at /home/lukas/fpga_vivado/Vivado/2024.2/data/xhub/boards/XilinxBoardStore/boards/Xilinx/vpk180/production/1.2/board.xml as part xcvp1802-lsvc4072-2mp-e-s specified in board_part file is either invalid or not available
WARNING: [Board 49-26] cannot add Board Part xilinx.com:zcu208ld:part0:2.0 available at /home/lukas/fpga_vivado/Vivado/2024.2/data/xhub/boards/XilinxBoardStore/boards/Xilinx/zcu208ld/production/2.0/board.xml as part xczu58dr-fsvg1517-2-i specified in board_part file is either invalid or not available
WARNING: [Board 49-26] cannot add Board Part xilinx.com:zcu216ld:part0:2.0 available at /home/lukas/fpga_vivado/Vivado/2024.2/data/xhub/boards/XilinxBoardStore/boards/Xilinx/zcu216ld/production/2.0/board.xml as part xczu59dr-ffvf1760-2-i specified in board_part file is either invalid or not available
WARNING: [Board 49-26] cannot add Board Part xilinx.com:zcu670ld:part0:1.0 available at /home/lukas/fpga_vivado/Vivado/2024.2/data/xhub/boards/XilinxBoardStore/boards/Xilinx/zcu670ld/1.0/board.xml as part xczu57dr-fsve1156-2-i specified in board_part file is either invalid or not available
WARNING: [Board 49-26] cannot add Board Part xilinx.com:emb-plus-vpr-4616:part0:1.0 available at /home/lukas/fpga_vivado/Vivado/2024.2/data/xhub/boards/XilinxBoardStore/boards/Xilinx/emb-plus-vpr-4616/1.0/board.xml as part xcve2302-sfva784-2mp-e-s specified in board_part file is either invalid or not available
WARNING: [Board 49-26] cannot add Board Part xilinx.com:vck190:part0:2.2 available at /home/lukas/fpga_vivado/Vivado/2024.2/data/xhub/boards/XilinxBoardStore/boards/Xilinx/vck190/production/2.2/board.xml as part xcvc1902-vsva2197-2mp-e-s specified in board_part file is either invalid or not available
WARNING: [Board 49-26] cannot add Board Part xilinx.com:vck190:part0:3.0 available at /home/lukas/fpga_vivado/Vivado/2024.2/data/xhub/boards/XilinxBoardStore/boards/Xilinx/vck190/production/3.0/board.xml as part xcvc1902-vsva2197-2mp-e-s specified in board_part file is either invalid or not available
WARNING: [Board 49-26] cannot add Board Part xilinx.com:vck190:part0:3.1 available at /home/lukas/fpga_vivado/Vivado/2024.2/data/xhub/boards/XilinxBoardStore/boards/Xilinx/vck190/production/3.1/board.xml as part xcvc1902-vsva2197-2mp-e-s specified in board_part file is either invalid or not available
WARNING: [Board 49-26] cannot add Board Part xilinx.com:vck190:part0:3.2 available at /home/lukas/fpga_vivado/Vivado/2024.2/data/xhub/boards/XilinxBoardStore/boards/Xilinx/vck190/production/3.2/board.xml as part xcvc1902-vsva2197-2mp-e-s specified in board_part file is either invalid or not available
WARNING: [Board 49-26] cannot add Board Part xilinx.com:vck190:part0:3.3 available at /home/lukas/fpga_vivado/Vivado/2024.2/data/xhub/boards/XilinxBoardStore/boards/Xilinx/vck190/production/3.3/board.xml as part xcvc1902-vsva2197-2mp-e-s specified in board_part file is either invalid or not available
WARNING: [Board 49-26] cannot add Board Part xilinx.com:vck190_newl:part0:1.0 available at /home/lukas/fpga_vivado/Vivado/2024.2/data/xhub/boards/XilinxBoardStore/boards/Xilinx/vck190_newl/production/1.0/board.xml as part xcvc1902-vsva2197-2mp-e-s specified in board_part file is either invalid or not available
WARNING: [Board 49-26] cannot add Board Part xilinx.com:vck190_newl:part0:1.1 available at /home/lukas/fpga_vivado/Vivado/2024.2/data/xhub/boards/XilinxBoardStore/boards/Xilinx/vck190_newl/production/1.1/board.xml as part xcvc1902-vsva2197-2mp-e-s specified in board_part file is either invalid or not available
WARNING: [Board 49-26] cannot add Board Part xilinx.com:vck190_newl:part0:1.2 available at /home/lukas/fpga_vivado/Vivado/2024.2/data/xhub/boards/XilinxBoardStore/boards/Xilinx/vck190_newl/production/1.2/board.xml as part xcvc1902-vsva2197-2mp-e-s specified in board_part file is either invalid or not available
WARNING: [Board 49-26] cannot add Board Part xilinx.com:vek280:part0:1.0 available at /home/lukas/fpga_vivado/Vivado/2024.2/data/xhub/boards/XilinxBoardStore/boards/Xilinx/vek280/production/1.0/board.xml as part xcve2802-vsvh1760-2mp-e-s specified in board_part file is either invalid or not available
WARNING: [Board 49-26] cannot add Board Part xilinx.com:vek280:part0:1.1 available at /home/lukas/fpga_vivado/Vivado/2024.2/data/xhub/boards/XilinxBoardStore/boards/Xilinx/vek280/production/1.1/board.xml as part xcve2802-vsvh1760-2mp-e-s specified in board_part file is either invalid or not available
WARNING: [Board 49-26] cannot add Board Part xilinx.com:vek280:part0:1.2 available at /home/lukas/fpga_vivado/Vivado/2024.2/data/xhub/boards/XilinxBoardStore/boards/Xilinx/vek280/production/1.2/board.xml as part xcve2802-vsvh1760-2mp-e-s specified in board_part file is either invalid or not available
WARNING: [Board 49-26] cannot add Board Part xilinx.com:vhk158:part0:1.0 available at /home/lukas/fpga_vivado/Vivado/2024.2/data/xhub/boards/XilinxBoardStore/boards/Xilinx/vhk158/production/1.0/board.xml as part xcvh1582-vsva3697-2mp-e-s specified in board_part file is either invalid or not available
WARNING: [Board 49-26] cannot add Board Part xilinx.com:vhk158:part0:1.1 available at /home/lukas/fpga_vivado/Vivado/2024.2/data/xhub/boards/XilinxBoardStore/boards/Xilinx/vhk158/production/1.1/board.xml as part xcvh1582-vsva3697-2mp-e-s specified in board_part file is either invalid or not available
WARNING: [Board 49-26] cannot add Board Part xilinx.com:vhk158:part0:1.2 available at /home/lukas/fpga_vivado/Vivado/2024.2/data/xhub/boards/XilinxBoardStore/boards/Xilinx/vhk158/production/1.2/board.xml as part xcvh1582-vsva3697-2mp-e-s specified in board_part file is either invalid or not available
WARNING: [Board 49-26] cannot add Board Part xilinx.com:vmk180:part0:2.2 available at /home/lukas/fpga_vivado/Vivado/2024.2/data/xhub/boards/XilinxBoardStore/boards/Xilinx/vmk180/production/2.2/board.xml as part xcvm1802-vsva2197-2mp-e-s specified in board_part file is either invalid or not available
WARNING: [Board 49-26] cannot add Board Part xilinx.com:vmk180:part0:3.0 available at /home/lukas/fpga_vivado/Vivado/2024.2/data/xhub/boards/XilinxBoardStore/boards/Xilinx/vmk180/production/3.0/board.xml as part xcvm1802-vsva2197-2mp-e-s specified in board_part file is either invalid or not available
WARNING: [Board 49-26] cannot add Board Part xilinx.com:vmk180:part0:3.1 available at /home/lukas/fpga_vivado/Vivado/2024.2/data/xhub/boards/XilinxBoardStore/boards/Xilinx/vmk180/production/3.1/board.xml as part xcvm1802-vsva2197-2mp-e-s specified in board_part file is either invalid or not available
WARNING: [Board 49-26] cannot add Board Part xilinx.com:vmk180:part0:3.2 available at /home/lukas/fpga_vivado/Vivado/2024.2/data/xhub/boards/XilinxBoardStore/boards/Xilinx/vmk180/production/3.2/board.xml as part xcvm1802-vsva2197-2mp-e-s specified in board_part file is either invalid or not available
WARNING: [Board 49-26] cannot add Board Part xilinx.com:vmk180_newl:part0:1.0 available at /home/lukas/fpga_vivado/Vivado/2024.2/data/xhub/boards/XilinxBoardStore/boards/Xilinx/vmk180_newl/production/1.0/board.xml as part xcvm1802-vsva2197-2mp-e-s specified in board_part file is either invalid or not available
WARNING: [Board 49-26] cannot add Board Part xilinx.com:vmk180_newl:part0:1.1 available at /home/lukas/fpga_vivado/Vivado/2024.2/data/xhub/boards/XilinxBoardStore/boards/Xilinx/vmk180_newl/production/1.1/board.xml as part xcvm1802-vsva2197-2mp-e-s specified in board_part file is either invalid or not available
WARNING: [Board 49-26] cannot add Board Part xilinx.com:vpk120:part0:1.0 available at /home/lukas/fpga_vivado/Vivado/2024.2/data/xhub/boards/XilinxBoardStore/boards/Xilinx/vpk120/production/1.0/board.xml as part xcvp1202-vsva2785-2mp-e-s specified in board_part file is either invalid or not available
WARNING: [Board 49-26] cannot add Board Part xilinx.com:vpk120:part0:1.1 available at /home/lukas/fpga_vivado/Vivado/2024.2/data/xhub/boards/XilinxBoardStore/boards/Xilinx/vpk120/production/1.1/board.xml as part xcvp1202-vsva2785-2mp-e-s specified in board_part file is either invalid or not available
WARNING: [Board 49-26] cannot add Board Part xilinx.com:vpk120:part0:1.2 available at /home/lukas/fpga_vivado/Vivado/2024.2/data/xhub/boards/XilinxBoardStore/boards/Xilinx/vpk120/production/1.2/board.xml as part xcvp1202-vsva2785-2mp-e-s specified in board_part file is either invalid or not available
WARNING: [Board 49-26] cannot add Board Part xilinx.com:vpk180:part0:1.0 available at /home/lukas/fpga_vivado/Vivado/2024.2/data/xhub/boards/XilinxBoardStore/boards/Xilinx/vpk180/production/1.0/board.xml as part xcvp1802-lsvc4072-2mp-e-s specified in board_part file is either invalid or not available
WARNING: [Board 49-26] cannot add Board Part xilinx.com:vpk180:part0:1.1 available at /home/lukas/fpga_vivado/Vivado/2024.2/data/xhub/boards/XilinxBoardStore/boards/Xilinx/vpk180/production/1.1/board.xml as part xcvp1802-lsvc4072-2mp-e-s specified in board_part file is either invalid or not available
WARNING: [Board 49-26] cannot add Board Part xilinx.com:vpk180:part0:1.2 available at /home/lukas/fpga_vivado/Vivado/2024.2/data/xhub/boards/XilinxBoardStore/boards/Xilinx/vpk180/production/1.2/board.xml as part xcvp1802-lsvc4072-2mp-e-s specified in board_part file is either invalid or not available
WARNING: [Board 49-26] cannot add Board Part xilinx.com:zcu208ld:part0:2.0 available at /home/lukas/fpga_vivado/Vivado/2024.2/data/xhub/boards/XilinxBoardStore/boards/Xilinx/zcu208ld/production/2.0/board.xml as part xczu58dr-fsvg1517-2-i specified in board_part file is either invalid or not available
WARNING: [Board 49-26] cannot add Board Part xilinx.com:zcu216ld:part0:2.0 available at /home/lukas/fpga_vivado/Vivado/2024.2/data/xhub/boards/XilinxBoardStore/boards/Xilinx/zcu216ld/production/2.0/board.xml as part xczu59dr-ffvf1760-2-i specified in board_part file is either invalid or not available
WARNING: [Board 49-26] cannot add Board Part xilinx.com:zcu670ld:part0:1.0 available at /home/lukas/fpga_vivado/Vivado/2024.2/data/xhub/boards/XilinxBoardStore/boards/Xilinx/zcu670ld/1.0/board.xml as part xczu57dr-fsve1156-2-i specified in board_part file is either invalid or not available
WARNING: [Board 49-26] cannot add Board Part xilinx.com:emb-plus-vpr-4616:part0:1.0 available at /home/lukas/fpga_vivado/Vivado/2024.2/data/xhub/boards/XilinxBoardStore/boards/Xilinx/emb-plus-vpr-4616/1.0/board.xml as part xcve2302-sfva784-2mp-e-s specified in board_part file is either invalid or not available
WARNING: [Board 49-26] cannot add Board Part xilinx.com:vck190:part0:3.3 available at /home/lukas/fpga_vivado/Vivado/2024.2/data/xhub/boards/XilinxBoardStore/boards/Xilinx/vck190/production/3.3/board.xml as part xcvc1902-vsva2197-2mp-e-s specified in board_part file is either invalid or not available
WARNING: [Board 49-26] cannot add Board Part xilinx.com:vck190_newl:part0:1.2 available at /home/lukas/fpga_vivado/Vivado/2024.2/data/xhub/boards/XilinxBoardStore/boards/Xilinx/vck190_newl/production/1.2/board.xml as part xcvc1902-vsva2197-2mp-e-s specified in board_part file is either invalid or not available
WARNING: [Board 49-26] cannot add Board Part xilinx.com:vek280:part0:1.2 available at /home/lukas/fpga_vivado/Vivado/2024.2/data/xhub/boards/XilinxBoardStore/boards/Xilinx/vek280/production/1.2/board.xml as part xcve2802-vsvh1760-2mp-e-s specified in board_part file is either invalid or not available
WARNING: [Board 49-26] cannot add Board Part xilinx.com:vhk158:part0:1.2 available at /home/lukas/fpga_vivado/Vivado/2024.2/data/xhub/boards/XilinxBoardStore/boards/Xilinx/vhk158/production/1.2/board.xml as part xcvh1582-vsva3697-2mp-e-s specified in board_part file is either invalid or not available
WARNING: [Board 49-26] cannot add Board Part xilinx.com:vmk180:part0:3.2 available at /home/lukas/fpga_vivado/Vivado/2024.2/data/xhub/boards/XilinxBoardStore/boards/Xilinx/vmk180/production/3.2/board.xml as part xcvm1802-vsva2197-2mp-e-s specified in board_part file is either invalid or not available
WARNING: [Board 49-26] cannot add Board Part xilinx.com:vmk180_newl:part0:1.1 available at /home/lukas/fpga_vivado/Vivado/2024.2/data/xhub/boards/XilinxBoardStore/boards/Xilinx/vmk180_newl/production/1.1/board.xml as part xcvm1802-vsva2197-2mp-e-s specified in board_part file is either invalid or not available
WARNING: [Board 49-26] cannot add Board Part xilinx.com:vpk120:part0:1.2 available at /home/lukas/fpga_vivado/Vivado/2024.2/data/xhub/boards/XilinxBoardStore/boards/Xilinx/vpk120/production/1.2/board.xml as part xcvp1202-vsva2785-2mp-e-s specified in board_part file is either invalid or not available
WARNING: [Board 49-26] cannot add Board Part xilinx.com:vpk180:part0:1.2 available at /home/lukas/fpga_vivado/Vivado/2024.2/data/xhub/boards/XilinxBoardStore/boards/Xilinx/vpk180/production/1.2/board.xml as part xcvp1802-lsvc4072-2mp-e-s specified in board_part file is either invalid or not available
WARNING: [Board 49-26] cannot add Board Part xilinx.com:zcu208ld:part0:2.0 available at /home/lukas/fpga_vivado/Vivado/2024.2/data/xhub/boards/XilinxBoardStore/boards/Xilinx/zcu208ld/production/2.0/board.xml as part xczu58dr-fsvg1517-2-i specified in board_part file is either invalid or not available
INFO: [Common 17-14] Message 'Board 49-26' appears 100 times and further instances of the messages will be disabled. Use the Tcl command set_msg_config to change the current settings.
create_project spi_slave /home/lukas/OneDrive/raspberry/hdlc_playground/spi_fpga/spi_slave -part xc7a35tcpg236-1
INFO: [IP_Flow 19-234] Refreshing IP repositories
INFO: [IP_Flow 19-1704] No user IP repositories specified
INFO: [IP_Flow 19-2313] Loaded Vivado IP repository '/home/lukas/fpga_vivado/Vivado/2024.2/data/ip'.
set_property board_part digilentinc.com:basys3:part0:1.2 [current_project]
file mkdir /home/lukas/OneDrive/raspberry/hdlc_playground/spi_fpga/spi_slave/spi_slave.srcs/sources_1/new
close [ open /home/lukas/OneDrive/raspberry/hdlc_playground/spi_fpga/spi_slave/spi_slave.srcs/sources_1/new/spi_slave.v w ]
add_files /home/lukas/OneDrive/raspberry/hdlc_playground/spi_fpga/spi_slave/spi_slave.srcs/sources_1/new/spi_slave.v
update_compile_order -fileset sources_1
file mkdir /home/lukas/OneDrive/raspberry/hdlc_playground/spi_fpga/spi_slave/spi_slave.srcs/constrs_1
file mkdir /home/lukas/OneDrive/raspberry/hdlc_playground/spi_fpga/spi_slave/spi_slave.srcs/constrs_1/new
close [ open /home/lukas/OneDrive/raspberry/hdlc_playground/spi_fpga/spi_slave/spi_slave.srcs/constrs_1/new/spi_constr.xdc w ]
add_files -fileset constrs_1 /home/lukas/OneDrive/raspberry/hdlc_playground/spi_fpga/spi_slave/spi_slave.srcs/constrs_1/new/spi_constr.xdc
update_gui_for_PARAM_VALUE.C_XIP_MODE- xip_mode: 0 spi_mode: 0 xip_perf_mode: 1
update_gui_for_PARAM_VALUE.C_XIP_PERF_MODE- xip_mode: 0 xip_perf_mode: 1 axi4_interface: 0
close [ open /home/lukas/OneDrive/raspberry/hdlc_playground/spi_fpga/spi_slave/spi_slave.srcs/sources_1/new/top_spi_slave_led.v w ]
add_files /home/lukas/OneDrive/raspberry/hdlc_playground/spi_fpga/spi_slave/spi_slave.srcs/sources_1/new/top_spi_slave_led.v
update_compile_order -fileset sources_1
WARNING: [filemgmt 56-199] Attempt to get parsing info during refresh. "On-the-fly" syntax checking information may be incorrect. [/home/lukas/OneDrive/raspberry/hdlc_playground/spi_fpga/spi_slave/spi_slave.srcs/sources_1/new/top_spi_slave_led.v:]
WARNING: [filemgmt 56-199] Attempt to get parsing info during refresh. "On-the-fly" syntax checking information may be incorrect. [/home/lukas/OneDrive/raspberry/hdlc_playground/spi_fpga/spi_slave/spi_slave.srcs/sources_1/new/spi_slave.v:]
WARNING: [filemgmt 56-199] Attempt to get parsing info during refresh. "On-the-fly" syntax checking information may be incorrect. [/home/lukas/OneDrive/raspberry/hdlc_playground/spi_fpga/spi_slave/spi_slave.srcs/sources_1/new/top_spi_slave_led.v:]
WARNING: [filemgmt 56-199] Attempt to get parsing info during refresh. "On-the-fly" syntax checking information may be incorrect. [/home/lukas/OneDrive/raspberry/hdlc_playground/spi_fpga/spi_slave/spi_slave.srcs/sources_1/new/top_spi_slave_led.v:]
WARNING: [filemgmt 56-199] Attempt to get parsing info during refresh. "On-the-fly" syntax checking information may be incorrect. [/home/lukas/OneDrive/raspberry/hdlc_playground/spi_fpga/spi_slave/spi_slave.srcs/sources_1/new/top_spi_slave_led.v:]
WARNING: [filemgmt 56-199] Attempt to get parsing info during refresh. "On-the-fly" syntax checking information may be incorrect. [/home/lukas/OneDrive/raspberry/hdlc_playground/spi_fpga/spi_slave/spi_slave.srcs/sources_1/new/spi_slave.v:]
WARNING: [filemgmt 56-199] Attempt to get parsing info during refresh. "On-the-fly" syntax checking information may be incorrect. [/home/lukas/OneDrive/raspberry/hdlc_playground/spi_fpga/spi_slave/spi_slave.srcs/sources_1/new/top_spi_slave_led.v:]
WARNING: [filemgmt 56-199] Attempt to get parsing info during refresh. "On-the-fly" syntax checking information may be incorrect. [/home/lukas/OneDrive/raspberry/hdlc_playground/spi_fpga/spi_slave/spi_slave.srcs/sources_1/new/top_spi_slave_led.v:]
update_compile_order -fileset sources_1
WARNING: [filemgmt 56-199] Attempt to get parsing info during refresh. "On-the-fly" syntax checking information may be incorrect. [/home/lukas/OneDrive/raspberry/hdlc_playground/spi_fpga/spi_slave/spi_slave.srcs/sources_1/new/top_spi_slave_led.v:]
WARNING: [filemgmt 56-199] Attempt to get parsing info during refresh. "On-the-fly" syntax checking information may be incorrect. [/home/lukas/OneDrive/raspberry/hdlc_playground/spi_fpga/spi_slave/spi_slave.srcs/sources_1/new/spi_slave.v:]
WARNING: [filemgmt 56-199] Attempt to get parsing info during refresh. "On-the-fly" syntax checking information may be incorrect. [/home/lukas/OneDrive/raspberry/hdlc_playground/spi_fpga/spi_slave/spi_slave.srcs/sources_1/new/top_spi_slave_led.v:]
WARNING: [filemgmt 56-199] Attempt to get parsing info during refresh. "On-the-fly" syntax checking information may be incorrect. [/home/lukas/OneDrive/raspberry/hdlc_playground/spi_fpga/spi_slave/spi_slave.srcs/sources_1/new/top_spi_slave_led.v:]
WARNING: [filemgmt 56-199] Attempt to get parsing info during refresh. "On-the-fly" syntax checking information may be incorrect. [/home/lukas/OneDrive/raspberry/hdlc_playground/spi_fpga/spi_slave/spi_slave.srcs/sources_1/new/top_spi_slave_led.v:]
WARNING: [filemgmt 56-199] Attempt to get parsing info during refresh. "On-the-fly" syntax checking information may be incorrect. [/home/lukas/OneDrive/raspberry/hdlc_playground/spi_fpga/spi_slave/spi_slave.srcs/sources_1/new/spi_slave.v:]
WARNING: [filemgmt 56-199] Attempt to get parsing info during refresh. "On-the-fly" syntax checking information may be incorrect. [/home/lukas/OneDrive/raspberry/hdlc_playground/spi_fpga/spi_slave/spi_slave.srcs/sources_1/new/top_spi_slave_led.v:]
WARNING: [filemgmt 56-199] Attempt to get parsing info during refresh. "On-the-fly" syntax checking information may be incorrect. [/home/lukas/OneDrive/raspberry/hdlc_playground/spi_fpga/spi_slave/spi_slave.srcs/sources_1/new/top_spi_slave_led.v:]
WARNING: [filemgmt 56-199] Attempt to get parsing info during refresh. "On-the-fly" syntax checking information may be incorrect. [/home/lukas/OneDrive/raspberry/hdlc_playground/spi_fpga/spi_slave/spi_slave.srcs/sources_1/new/top_spi_slave_led.v:]
WARNING: [filemgmt 56-199] Attempt to get parsing info during refresh. "On-the-fly" syntax checking information may be incorrect. [/home/lukas/OneDrive/raspberry/hdlc_playground/spi_fpga/spi_slave/spi_slave.srcs/sources_1/new/spi_slave.v:]
WARNING: [filemgmt 56-199] Attempt to get parsing info during refresh. "On-the-fly" syntax checking information may be incorrect. [/home/lukas/OneDrive/raspberry/hdlc_playground/spi_fpga/spi_slave/spi_slave.srcs/sources_1/new/spi_slave.v:]
WARNING: [filemgmt 56-199] Attempt to get parsing info during refresh. "On-the-fly" syntax checking information may be incorrect. [/home/lukas/OneDrive/raspberry/hdlc_playground/spi_fpga/spi_slave/spi_slave.srcs/sources_1/new/spi_slave.v:]
WARNING: [filemgmt 56-199] Attempt to get parsing info during refresh. "On-the-fly" syntax checking information may be incorrect. [/home/lukas/OneDrive/raspberry/hdlc_playground/spi_fpga/spi_slave/spi_slave.srcs/sources_1/new/top_spi_slave_led.v:]
WARNING: [filemgmt 56-199] Attempt to get parsing info during refresh. "On-the-fly" syntax checking information may be incorrect. [/home/lukas/OneDrive/raspberry/hdlc_playground/spi_fpga/spi_slave/spi_slave.srcs/sources_1/new/spi_slave.v:]
WARNING: [filemgmt 56-199] Attempt to get parsing info during refresh. "On-the-fly" syntax checking information may be incorrect. [/home/lukas/OneDrive/raspberry/hdlc_playground/spi_fpga/spi_slave/spi_slave.srcs/sources_1/new/top_spi_slave_led.v:]
WARNING: [filemgmt 56-199] Attempt to get parsing info during refresh. "On-the-fly" syntax checking information may be incorrect. [/home/lukas/OneDrive/raspberry/hdlc_playground/spi_fpga/spi_slave/spi_slave.srcs/sources_1/new/top_spi_slave_led.v:]
launch_runs synth_1 -jobs 12
WARNING: [Vivado 12-7122] Auto Incremental Compile:: No reference checkpoint was found in run synth_1. Auto-incremental flow will not be run, the standard flow will be run instead.
[Sat Mar 22 21:05:10 2025] Launched synth_1...
Run output will be captured here: /home/lukas/OneDrive/raspberry/hdlc_playground/spi_fpga/spi_slave/spi_slave.runs/synth_1/runme.log
WARNING: [filemgmt 56-199] Attempt to get parsing info during refresh. "On-the-fly" syntax checking information may be incorrect. [/home/lukas/OneDrive/raspberry/hdlc_playground/spi_fpga/spi_slave/spi_slave.srcs/sources_1/new/top_spi_slave_led.v:]
WARNING: [filemgmt 56-199] Attempt to get parsing info during refresh. "On-the-fly" syntax checking information may be incorrect. [/home/lukas/OneDrive/raspberry/hdlc_playground/spi_fpga/spi_slave/spi_slave.srcs/sources_1/new/spi_slave.v:]
WARNING: [filemgmt 56-199] Attempt to get parsing info during refresh. "On-the-fly" syntax checking information may be incorrect. [/home/lukas/OneDrive/raspberry/hdlc_playground/spi_fpga/spi_slave/spi_slave.srcs/sources_1/new/spi_slave.v:]
WARNING: [filemgmt 56-199] Attempt to get parsing info during refresh. "On-the-fly" syntax checking information may be incorrect. [/home/lukas/OneDrive/raspberry/hdlc_playground/spi_fpga/spi_slave/spi_slave.srcs/sources_1/new/spi_slave.v:]
synth_design -top top_spi_slave_led -part xc7a35tcpg236-1 -lint 
Command: synth_design -top top_spi_slave_led -part xc7a35tcpg236-1 -lint
Starting synth_design
Attempting to get a license for feature 'Synthesis' and/or device 'xc7a35t'
INFO: [Common 17-349] Got license for feature 'Synthesis' and/or device 'xc7a35t'
INFO: [Synth 8-7079] Multithreading enabled for synth_design using a maximum of 7 processes.
INFO: [Synth 8-7078] Launching helper process for spawning children vivado processes
INFO: [Synth 8-7075] Helper process launched with PID 1168689
---------------------------------------------------------------------------------
Starting Synthesize : Time (s): cpu = 00:00:03 ; elapsed = 00:00:03 . Memory (MB): peak = 8842.199 ; gain = 414.852 ; free physical = 1531 ; free virtual = 19972
---------------------------------------------------------------------------------
Clean up Linter database...
INFO: [Synth 8-6157] synthesizing module 'top_spi_slave_led' [/home/lukas/OneDrive/raspberry/hdlc_playground/spi_fpga/spi_slave/spi_slave.srcs/sources_1/new/top_spi_slave_led.v:1]
INFO: [Synth 8-6157] synthesizing module 'SPI_Slave' [/home/lukas/OneDrive/raspberry/hdlc_playground/spi_fpga/spi_slave/spi_slave.srcs/sources_1/new/spi_slave.v:26]
	Parameter SPI_MODE bound to: 0 - type: integer 
WARNING: [Synth 8-7137] Register r_Temp_RX_Byte_reg in module SPI_Slave has both Set and reset with same priority. This may cause simulation mismatches. Consider rewriting code  [/home/lukas/OneDrive/raspberry/hdlc_playground/spi_fpga/spi_slave/spi_slave.srcs/sources_1/new/spi_slave.v:89]
WARNING: [Synth 8-7137] Register r_RX_Byte_reg in module SPI_Slave has both Set and reset with same priority. This may cause simulation mismatches. Consider rewriting code  [/home/lukas/OneDrive/raspberry/hdlc_playground/spi_fpga/spi_slave/spi_slave.srcs/sources_1/new/spi_slave.v:94]
WARNING: [Synth 8-7137] Register r_SPI_MISO_Bit_reg in module SPI_Slave has both Set and reset with same priority. This may cause simulation mismatches. Consider rewriting code  [/home/lukas/OneDrive/raspberry/hdlc_playground/spi_fpga/spi_slave/spi_slave.srcs/sources_1/new/spi_slave.v:161]
WARNING: [Synth 8-7137] Register r_Temp_RX_Byte_reg in module SPI_Slave has both Set and reset with same priority. This may cause simulation mismatches. Consider rewriting code  [/home/lukas/OneDrive/raspberry/hdlc_playground/spi_fpga/spi_slave/spi_slave.srcs/sources_1/new/spi_slave.v:89]
WARNING: [Synth 8-7137] Register r_RX_Byte_reg in module SPI_Slave has both Set and reset with same priority. This may cause simulation mismatches. Consider rewriting code  [/home/lukas/OneDrive/raspberry/hdlc_playground/spi_fpga/spi_slave/spi_slave.srcs/sources_1/new/spi_slave.v:94]
WARNING: [Synth 8-7137] Register r_SPI_MISO_Bit_reg in module SPI_Slave has both Set and reset with same priority. This may cause simulation mismatches. Consider rewriting code  [/home/lukas/OneDrive/raspberry/hdlc_playground/spi_fpga/spi_slave/spi_slave.srcs/sources_1/new/spi_slave.v:161]
INFO: [Synth 8-6155] done synthesizing module 'SPI_Slave' (1#1) [/home/lukas/OneDrive/raspberry/hdlc_playground/spi_fpga/spi_slave/spi_slave.srcs/sources_1/new/spi_slave.v:26]
INFO: [Synth 8-6155] done synthesizing module 'top_spi_slave_led' (2#1) [/home/lukas/OneDrive/raspberry/hdlc_playground/spi_fpga/spi_slave/spi_slave.srcs/sources_1/new/top_spi_slave_led.v:1]
---------------------------------------------------------------------------------
Finished Synthesize : Time (s): cpu = 00:00:04 ; elapsed = 00:00:04 . Memory (MB): peak = 8912.168 ; gain = 484.820 ; free physical = 1462 ; free virtual = 19904
---------------------------------------------------------------------------------
Copyright 1986-2022 Xilinx, Inc. All Rights Reserved. Copyright 2022-2024 Advanced Micro Devices, Inc. All Rights Reserved.
---------------------------------------------------------------------------------------------------------------------------------------------
| Tool Version : Vivado v.2024.2 (lin64) Build 5239630 Fri Nov 08 22:34:34 MST 2024
| Date         : Sat Mar 22 21:06:18 2025
| Host         : LukasDell running 64-bit Ubuntu 24.04.2 LTS
---------------------------------------------------------------------------------------------------------------------------------------------

RTL Linter Report

Table of Contents
-----------------
1. Summary

1. Summary
----------

+----------+------------------+--------------+----------+
| Rule ID  | Severity         | # Violations | # Waived |
+----------+------------------+--------------+----------+
| ASSIGN-6 | WARNING          | 1            | 0        |
| ASSIGN-7 | CRITICAL WARNING | 1            | 0        |
| ASSIGN-9 | WARNING          | 1            | 0        |
+----------+------------------+--------------+----------+


WARNING: [Synth 37-93] [ASSIGN-6]Signal 'w_CPOL' was assigned but not read. 
RTL Name 'w_CPOL', Hierarchy 'SPI_Slave', File '/home/lukas/OneDrive/raspberry/hdlc_playground/spi_fpga/spi_slave/spi_slave.srcs/sources_1/new/spi_slave.v', Line 46.
CRITICAL WARNING: [Synth 37-90] [ASSIGN-7]Multiple assignments detected on array o_RX_Byte, first multi-driven bit index is 0.
RTL Name 'o_RX_Byte', Hierarchy 'top_spi_slave_led', File '/home/lukas/OneDrive/raspberry/hdlc_playground/spi_fpga/spi_slave/spi_slave.srcs/sources_1/new/top_spi_slave_led.v', Line 8.
WARNING: [Synth 37-126] [ASSIGN-9]Some bits in IO 'o_RX_Byte_orig' are not set. First unset bit index is 0. 
RTL Name 'o_RX_Byte_orig', Hierarchy 'top_spi_slave_led', File 'top_spi_slave_led.v', Line 33.
INFO: [Synth 37-85] Total of 3 linter message(s) generated.
INFO: [Synth 37-45] Linter Run Finished!
Synthesis Optimization Runtime : Time (s): cpu = 00:00:04 ; elapsed = 00:00:04 . Memory (MB): peak = 8929.980 ; gain = 502.633 ; free physical = 1454 ; free virtual = 19896
INFO: [Common 17-83] Releasing license: Synthesis
11 Infos, 8 Warnings, 1 Critical Warnings and 0 Errors encountered.
synth_design completed successfully
reset_run synth_1
launch_runs synth_1 -jobs 12
WARNING: [Vivado 12-7122] Auto Incremental Compile:: No reference checkpoint was found in run synth_1. Auto-incremental flow will not be run, the standard flow will be run instead.
[Sat Mar 22 21:06:25 2025] Launched synth_1...
Run output will be captured here: /home/lukas/OneDrive/raspberry/hdlc_playground/spi_fpga/spi_slave/spi_slave.runs/synth_1/runme.log
launch_runs impl_1 -jobs 12
[Sat Mar 22 21:07:09 2025] Launched impl_1...
Run output will be captured here: /home/lukas/OneDrive/raspberry/hdlc_playground/spi_fpga/spi_slave/spi_slave.runs/impl_1/runme.log
WARNING: [filemgmt 56-199] Attempt to get parsing info during refresh. "On-the-fly" syntax checking information may be incorrect. [/home/lukas/OneDrive/raspberry/hdlc_playground/spi_fpga/spi_slave/spi_slave.srcs/sources_1/new/top_spi_slave_led.v:]
WARNING: [filemgmt 56-199] Attempt to get parsing info during refresh. "On-the-fly" syntax checking information may be incorrect. [/home/lukas/OneDrive/raspberry/hdlc_playground/spi_fpga/spi_slave/spi_slave.srcs/sources_1/new/spi_slave.v:]
WARNING: [filemgmt 56-199] Attempt to get parsing info during refresh. "On-the-fly" syntax checking information may be incorrect. [/home/lukas/OneDrive/raspberry/hdlc_playground/spi_fpga/spi_slave/spi_slave.srcs/sources_1/new/top_spi_slave_led.v:]
WARNING: [filemgmt 56-199] Attempt to get parsing info during refresh. "On-the-fly" syntax checking information may be incorrect. [/home/lukas/OneDrive/raspberry/hdlc_playground/spi_fpga/spi_slave/spi_slave.srcs/sources_1/new/top_spi_slave_led.v:]
reset_run synth_1
INFO: [Project 1-1160] Copying file /home/lukas/OneDrive/raspberry/hdlc_playground/spi_fpga/spi_slave/spi_slave.runs/synth_1/top_spi_slave_led.dcp to /home/lukas/OneDrive/raspberry/hdlc_playground/spi_fpga/spi_slave/spi_slave.srcs/utils_1/imports/synth_1 and adding it to utils fileset
launch_runs impl_1 -jobs 12
[Sat Mar 22 21:08:40 2025] Launched synth_1...
Run output will be captured here: /home/lukas/OneDrive/raspberry/hdlc_playground/spi_fpga/spi_slave/spi_slave.runs/synth_1/runme.log
[Sat Mar 22 21:08:40 2025] Launched impl_1...
Run output will be captured here: /home/lukas/OneDrive/raspberry/hdlc_playground/spi_fpga/spi_slave/spi_slave.runs/impl_1/runme.log
WARNING: [filemgmt 56-199] Attempt to get parsing info during refresh. "On-the-fly" syntax checking information may be incorrect. [/home/lukas/OneDrive/raspberry/hdlc_playground/spi_fpga/spi_slave/spi_slave.srcs/sources_1/new/top_spi_slave_led.v:]
WARNING: [filemgmt 56-199] Attempt to get parsing info during refresh. "On-the-fly" syntax checking information may be incorrect. [/home/lukas/OneDrive/raspberry/hdlc_playground/spi_fpga/spi_slave/spi_slave.srcs/sources_1/new/spi_slave.v:]
WARNING: [filemgmt 56-199] Attempt to get parsing info during refresh. "On-the-fly" syntax checking information may be incorrect. [/home/lukas/OneDrive/raspberry/hdlc_playground/spi_fpga/spi_slave/spi_slave.srcs/sources_1/new/top_spi_slave_led.v:]
WARNING: [filemgmt 56-199] Attempt to get parsing info during refresh. "On-the-fly" syntax checking information may be incorrect. [/home/lukas/OneDrive/raspberry/hdlc_playground/spi_fpga/spi_slave/spi_slave.srcs/sources_1/new/top_spi_slave_led.v:]
launch_runs impl_1 -to_step write_bitstream -jobs 12
[Sat Mar 22 21:09:57 2025] Launched impl_1...
Run output will be captured here: /home/lukas/OneDrive/raspberry/hdlc_playground/spi_fpga/spi_slave/spi_slave.runs/impl_1/runme.log
WARNING: [filemgmt 56-199] Attempt to get parsing info during refresh. "On-the-fly" syntax checking information may be incorrect. [/home/lukas/OneDrive/raspberry/hdlc_playground/spi_fpga/spi_slave/spi_slave.srcs/sources_1/new/top_spi_slave_led.v:]
WARNING: [filemgmt 56-199] Attempt to get parsing info during refresh. "On-the-fly" syntax checking information may be incorrect. [/home/lukas/OneDrive/raspberry/hdlc_playground/spi_fpga/spi_slave/spi_slave.srcs/sources_1/new/spi_slave.v:]
WARNING: [filemgmt 56-199] Attempt to get parsing info during refresh. "On-the-fly" syntax checking information may be incorrect. [/home/lukas/OneDrive/raspberry/hdlc_playground/spi_fpga/spi_slave/spi_slave.srcs/sources_1/new/top_spi_slave_led.v:]
WARNING: [filemgmt 56-199] Attempt to get parsing info during refresh. "On-the-fly" syntax checking information may be incorrect. [/home/lukas/OneDrive/raspberry/hdlc_playground/spi_fpga/spi_slave/spi_slave.srcs/sources_1/new/top_spi_slave_led.v:]
reset_run synth_1
INFO: [Project 1-1161] Replacing file /home/lukas/OneDrive/raspberry/hdlc_playground/spi_fpga/spi_slave/spi_slave.srcs/utils_1/imports/synth_1/top_spi_slave_led.dcp with file /home/lukas/OneDrive/raspberry/hdlc_playground/spi_fpga/spi_slave/spi_slave.runs/synth_1/top_spi_slave_led.dcp
launch_runs impl_1 -to_step write_bitstream -jobs 12
[Sat Mar 22 21:12:20 2025] Launched synth_1...
Run output will be captured here: /home/lukas/OneDrive/raspberry/hdlc_playground/spi_fpga/spi_slave/spi_slave.runs/synth_1/runme.log
[Sat Mar 22 21:12:20 2025] Launched impl_1...
Run output will be captured here: /home/lukas/OneDrive/raspberry/hdlc_playground/spi_fpga/spi_slave/spi_slave.runs/impl_1/runme.log
WARNING: [filemgmt 56-199] Attempt to get parsing info during refresh. "On-the-fly" syntax checking information may be incorrect. [/home/lukas/OneDrive/raspberry/hdlc_playground/spi_fpga/spi_slave/spi_slave.srcs/sources_1/new/top_spi_slave_led.v:]
WARNING: [filemgmt 56-199] Attempt to get parsing info during refresh. "On-the-fly" syntax checking information may be incorrect. [/home/lukas/OneDrive/raspberry/hdlc_playground/spi_fpga/spi_slave/spi_slave.srcs/sources_1/new/spi_slave.v:]
WARNING: [filemgmt 56-199] Attempt to get parsing info during refresh. "On-the-fly" syntax checking information may be incorrect. [/home/lukas/OneDrive/raspberry/hdlc_playground/spi_fpga/spi_slave/spi_slave.srcs/sources_1/new/top_spi_slave_led.v:]
WARNING: [filemgmt 56-199] Attempt to get parsing info during refresh. "On-the-fly" syntax checking information may be incorrect. [/home/lukas/OneDrive/raspberry/hdlc_playground/spi_fpga/spi_slave/spi_slave.srcs/sources_1/new/top_spi_slave_led.v:]
WARNING: [filemgmt 56-199] Attempt to get parsing info during refresh. "On-the-fly" syntax checking information may be incorrect. [/home/lukas/OneDrive/raspberry/hdlc_playground/spi_fpga/spi_slave/spi_slave.srcs/sources_1/new/top_spi_slave_led.v:]
WARNING: [filemgmt 56-199] Attempt to get parsing info during refresh. "On-the-fly" syntax checking information may be incorrect. [/home/lukas/OneDrive/raspberry/hdlc_playground/spi_fpga/spi_slave/spi_slave.srcs/sources_1/new/spi_slave.v:]
WARNING: [filemgmt 56-199] Attempt to get parsing info during refresh. "On-the-fly" syntax checking information may be incorrect. [/home/lukas/OneDrive/raspberry/hdlc_playground/spi_fpga/spi_slave/spi_slave.srcs/sources_1/new/top_spi_slave_led.v:]
WARNING: [filemgmt 56-199] Attempt to get parsing info during refresh. "On-the-fly" syntax checking information may be incorrect. [/home/lukas/OneDrive/raspberry/hdlc_playground/spi_fpga/spi_slave/spi_slave.srcs/sources_1/new/top_spi_slave_led.v:]
reset_run synth_1
INFO: [Project 1-1161] Replacing file /home/lukas/OneDrive/raspberry/hdlc_playground/spi_fpga/spi_slave/spi_slave.srcs/utils_1/imports/synth_1/top_spi_slave_led.dcp with file /home/lukas/OneDrive/raspberry/hdlc_playground/spi_fpga/spi_slave/spi_slave.runs/synth_1/top_spi_slave_led.dcp
launch_runs impl_1 -jobs 12
[Sat Mar 22 21:18:59 2025] Launched synth_1...
Run output will be captured here: /home/lukas/OneDrive/raspberry/hdlc_playground/spi_fpga/spi_slave/spi_slave.runs/synth_1/runme.log
[Sat Mar 22 21:18:59 2025] Launched impl_1...
Run output will be captured here: /home/lukas/OneDrive/raspberry/hdlc_playground/spi_fpga/spi_slave/spi_slave.runs/impl_1/runme.log
WARNING: [filemgmt 56-199] Attempt to get parsing info during refresh. "On-the-fly" syntax checking information may be incorrect. [/home/lukas/OneDrive/raspberry/hdlc_playground/spi_fpga/spi_slave/spi_slave.srcs/sources_1/new/top_spi_slave_led.v:]
WARNING: [filemgmt 56-199] Attempt to get parsing info during refresh. "On-the-fly" syntax checking information may be incorrect. [/home/lukas/OneDrive/raspberry/hdlc_playground/spi_fpga/spi_slave/spi_slave.srcs/sources_1/new/spi_slave.v:]
WARNING: [filemgmt 56-199] Attempt to get parsing info during refresh. "On-the-fly" syntax checking information may be incorrect. [/home/lukas/OneDrive/raspberry/hdlc_playground/spi_fpga/spi_slave/spi_slave.srcs/sources_1/new/spi_slave.v:]
WARNING: [filemgmt 56-199] Attempt to get parsing info during refresh. "On-the-fly" syntax checking information may be incorrect. [/home/lukas/OneDrive/raspberry/hdlc_playground/spi_fpga/spi_slave/spi_slave.srcs/sources_1/new/spi_slave.v:]
launch_runs impl_1 -to_step write_bitstream -jobs 12
[Sat Mar 22 21:20:17 2025] Launched impl_1...
Run output will be captured here: /home/lukas/OneDrive/raspberry/hdlc_playground/spi_fpga/spi_slave/spi_slave.runs/impl_1/runme.log
open_hw_manager
connect_hw_server -allow_non_jtag
INFO: [Labtools 27-2285] Connecting to hw_server url TCP:localhost:3121
INFO: [Labtools 27-2222] Launching hw_server...
INFO: [Labtools 27-2221] Launch Output:

****** Xilinx hw_server v2024.2
  **** Build date : Oct 29 2024 at 10:16:47
    ** Copyright 1986-2022 Xilinx, Inc. All Rights Reserved.


INFO: [Labtools 27-3415] Connecting to cs_server url TCP:localhost:0
INFO: [Labtools 27-3417] Launching cs_server...
INFO: [Labtools 27-2221] Launch Output:


******** Xilinx cs_server v2024.2.0
  ****** Build date   : Oct 30 2024-19:19:07
    **** Build number : 2024.2.1730312347
      ** Copyright 2017-2022 Xilinx, Inc. All Rights Reserved.
      ** Copyright 2022-2025 Advanced Micro Devices, Inc. All Rights Reserved.



open_hw_target
INFO: [Labtoolstcl 44-466] Opening hw_target localhost:3121/xilinx_tcf/Digilent/210183BD2AEDA
set_property PROGRAM.FILE {/home/lukas/OneDrive/raspberry/hdlc_playground/spi_fpga/spi_slave/spi_slave.runs/impl_1/top_spi_slave_led.bit} [get_hw_devices xc7a35t_0]
current_hw_device [get_hw_devices xc7a35t_0]
refresh_hw_device -update_hw_probes false [lindex [get_hw_devices xc7a35t_0] 0]
INFO: [Labtools 27-1434] Device xc7a35t (JTAG device index = 0) is programmed with a design that has no supported debug core(s) in it.
set_property PROBES.FILE {} [get_hw_devices xc7a35t_0]
set_property FULL_PROBES.FILE {} [get_hw_devices xc7a35t_0]
set_property PROGRAM.FILE {/home/lukas/OneDrive/raspberry/hdlc_playground/spi_fpga/spi_slave/spi_slave.runs/impl_1/top_spi_slave_led.bit} [get_hw_devices xc7a35t_0]
program_hw_devices [get_hw_devices xc7a35t_0]
INFO: [Labtools 27-3164] End of startup status: HIGH
refresh_hw_device [lindex [get_hw_devices xc7a35t_0] 0]
INFO: [Labtools 27-1434] Device xc7a35t (JTAG device index = 0) is programmed with a design that has no supported debug core(s) in it.
WARNING: [filemgmt 56-199] Attempt to get parsing info during refresh. "On-the-fly" syntax checking information may be incorrect. [/home/lukas/OneDrive/raspberry/hdlc_playground/spi_fpga/spi_slave/spi_slave.srcs/sources_1/new/top_spi_slave_led.v:]
WARNING: [filemgmt 56-199] Attempt to get parsing info during refresh. "On-the-fly" syntax checking information may be incorrect. [/home/lukas/OneDrive/raspberry/hdlc_playground/spi_fpga/spi_slave/spi_slave.srcs/sources_1/new/spi_slave.v:]
WARNING: [filemgmt 56-199] Attempt to get parsing info during refresh. "On-the-fly" syntax checking information may be incorrect. [/home/lukas/OneDrive/raspberry/hdlc_playground/spi_fpga/spi_slave/spi_slave.srcs/sources_1/new/top_spi_slave_led.v:]
WARNING: [filemgmt 56-199] Attempt to get parsing info during refresh. "On-the-fly" syntax checking information may be incorrect. [/home/lukas/OneDrive/raspberry/hdlc_playground/spi_fpga/spi_slave/spi_slave.srcs/sources_1/new/top_spi_slave_led.v:]
reset_run synth_1
INFO: [Project 1-1161] Replacing file /home/lukas/OneDrive/raspberry/hdlc_playground/spi_fpga/spi_slave/spi_slave.srcs/utils_1/imports/synth_1/top_spi_slave_led.dcp with file /home/lukas/OneDrive/raspberry/hdlc_playground/spi_fpga/spi_slave/spi_slave.runs/synth_1/top_spi_slave_led.dcp
launch_runs impl_1 -to_step write_bitstream -jobs 12
[Sat Mar 22 21:24:39 2025] Launched synth_1...
Run output will be captured here: /home/lukas/OneDrive/raspberry/hdlc_playground/spi_fpga/spi_slave/spi_slave.runs/synth_1/runme.log
[Sat Mar 22 21:24:39 2025] Launched impl_1...
Run output will be captured here: /home/lukas/OneDrive/raspberry/hdlc_playground/spi_fpga/spi_slave/spi_slave.runs/impl_1/runme.log
WARNING: [filemgmt 56-199] Attempt to get parsing info during refresh. "On-the-fly" syntax checking information may be incorrect. [/home/lukas/OneDrive/raspberry/hdlc_playground/spi_fpga/spi_slave/spi_slave.srcs/sources_1/new/top_spi_slave_led.v:]
WARNING: [filemgmt 56-199] Attempt to get parsing info during refresh. "On-the-fly" syntax checking information may be incorrect. [/home/lukas/OneDrive/raspberry/hdlc_playground/spi_fpga/spi_slave/spi_slave.srcs/sources_1/new/spi_slave.v:]
WARNING: [filemgmt 56-199] Attempt to get parsing info during refresh. "On-the-fly" syntax checking information may be incorrect. [/home/lukas/OneDrive/raspberry/hdlc_playground/spi_fpga/spi_slave/spi_slave.srcs/sources_1/new/top_spi_slave_led.v:]
WARNING: [filemgmt 56-199] Attempt to get parsing info during refresh. "On-the-fly" syntax checking information may be incorrect. [/home/lukas/OneDrive/raspberry/hdlc_playground/spi_fpga/spi_slave/spi_slave.srcs/sources_1/new/top_spi_slave_led.v:]
set_property PROBES.FILE {} [get_hw_devices xc7a35t_0]
set_property FULL_PROBES.FILE {} [get_hw_devices xc7a35t_0]
set_property PROGRAM.FILE {/home/lukas/OneDrive/raspberry/hdlc_playground/spi_fpga/spi_slave/spi_slave.runs/impl_1/top_spi_slave_led.bit} [get_hw_devices xc7a35t_0]
program_hw_devices [get_hw_devices xc7a35t_0]
INFO: [Labtools 27-3164] End of startup status: HIGH
refresh_hw_device [lindex [get_hw_devices xc7a35t_0] 0]
INFO: [Labtools 27-1434] Device xc7a35t (JTAG device index = 0) is programmed with a design that has no supported debug core(s) in it.
WARNING: [filemgmt 56-199] Attempt to get parsing info during refresh. "On-the-fly" syntax checking information may be incorrect. [/home/lukas/OneDrive/raspberry/hdlc_playground/spi_fpga/spi_slave/spi_slave.srcs/sources_1/new/top_spi_slave_led.v:]
WARNING: [filemgmt 56-199] Attempt to get parsing info during refresh. "On-the-fly" syntax checking information may be incorrect. [/home/lukas/OneDrive/raspberry/hdlc_playground/spi_fpga/spi_slave/spi_slave.srcs/sources_1/new/spi_slave.v:]
WARNING: [filemgmt 56-199] Attempt to get parsing info during refresh. "On-the-fly" syntax checking information may be incorrect. [/home/lukas/OneDrive/raspberry/hdlc_playground/spi_fpga/spi_slave/spi_slave.srcs/sources_1/new/top_spi_slave_led.v:]
WARNING: [filemgmt 56-199] Attempt to get parsing info during refresh. "On-the-fly" syntax checking information may be incorrect. [/home/lukas/OneDrive/raspberry/hdlc_playground/spi_fpga/spi_slave/spi_slave.srcs/sources_1/new/top_spi_slave_led.v:]
reset_run synth_1
INFO: [Project 1-1161] Replacing file /home/lukas/OneDrive/raspberry/hdlc_playground/spi_fpga/spi_slave/spi_slave.srcs/utils_1/imports/synth_1/top_spi_slave_led.dcp with file /home/lukas/OneDrive/raspberry/hdlc_playground/spi_fpga/spi_slave/spi_slave.runs/synth_1/top_spi_slave_led.dcp
launch_runs impl_1 -to_step write_bitstream -jobs 12
[Sat Mar 22 21:29:02 2025] Launched synth_1...
Run output will be captured here: /home/lukas/OneDrive/raspberry/hdlc_playground/spi_fpga/spi_slave/spi_slave.runs/synth_1/runme.log
[Sat Mar 22 21:29:02 2025] Launched impl_1...
Run output will be captured here: /home/lukas/OneDrive/raspberry/hdlc_playground/spi_fpga/spi_slave/spi_slave.runs/impl_1/runme.log
WARNING: [filemgmt 56-199] Attempt to get parsing info during refresh. "On-the-fly" syntax checking information may be incorrect. [/home/lukas/OneDrive/raspberry/hdlc_playground/spi_fpga/spi_slave/spi_slave.srcs/sources_1/new/top_spi_slave_led.v:]
WARNING: [filemgmt 56-199] Attempt to get parsing info during refresh. "On-the-fly" syntax checking information may be incorrect. [/home/lukas/OneDrive/raspberry/hdlc_playground/spi_fpga/spi_slave/spi_slave.srcs/sources_1/new/spi_slave.v:]
WARNING: [filemgmt 56-199] Attempt to get parsing info during refresh. "On-the-fly" syntax checking information may be incorrect. [/home/lukas/OneDrive/raspberry/hdlc_playground/spi_fpga/spi_slave/spi_slave.srcs/sources_1/new/spi_slave.v:]
WARNING: [filemgmt 56-199] Attempt to get parsing info during refresh. "On-the-fly" syntax checking information may be incorrect. [/home/lukas/OneDrive/raspberry/hdlc_playground/spi_fpga/spi_slave/spi_slave.srcs/sources_1/new/spi_slave.v:]
set_property PROBES.FILE {} [get_hw_devices xc7a35t_0]
set_property FULL_PROBES.FILE {} [get_hw_devices xc7a35t_0]
set_property PROGRAM.FILE {/home/lukas/OneDrive/raspberry/hdlc_playground/spi_fpga/spi_slave/spi_slave.runs/impl_1/top_spi_slave_led.bit} [get_hw_devices xc7a35t_0]
program_hw_devices [get_hw_devices xc7a35t_0]
INFO: [Labtools 27-3164] End of startup status: HIGH
refresh_hw_device [lindex [get_hw_devices xc7a35t_0] 0]
INFO: [Labtools 27-1434] Device xc7a35t (JTAG device index = 0) is programmed with a design that has no supported debug core(s) in it.
WARNING: [filemgmt 56-199] Attempt to get parsing info during refresh. "On-the-fly" syntax checking information may be incorrect. [/home/lukas/OneDrive/raspberry/hdlc_playground/spi_fpga/spi_slave/spi_slave.srcs/sources_1/new/top_spi_slave_led.v:]
WARNING: [filemgmt 56-199] Attempt to get parsing info during refresh. "On-the-fly" syntax checking information may be incorrect. [/home/lukas/OneDrive/raspberry/hdlc_playground/spi_fpga/spi_slave/spi_slave.srcs/sources_1/new/spi_slave.v:]
WARNING: [filemgmt 56-199] Attempt to get parsing info during refresh. "On-the-fly" syntax checking information may be incorrect. [/home/lukas/OneDrive/raspberry/hdlc_playground/spi_fpga/spi_slave/spi_slave.srcs/sources_1/new/top_spi_slave_led.v:]
WARNING: [filemgmt 56-199] Attempt to get parsing info during refresh. "On-the-fly" syntax checking information may be incorrect. [/home/lukas/OneDrive/raspberry/hdlc_playground/spi_fpga/spi_slave/spi_slave.srcs/sources_1/new/top_spi_slave_led.v:]
reset_run synth_1
INFO: [Project 1-1161] Replacing file /home/lukas/OneDrive/raspberry/hdlc_playground/spi_fpga/spi_slave/spi_slave.srcs/utils_1/imports/synth_1/top_spi_slave_led.dcp with file /home/lukas/OneDrive/raspberry/hdlc_playground/spi_fpga/spi_slave/spi_slave.runs/synth_1/top_spi_slave_led.dcp
launch_runs impl_1 -to_step write_bitstream -jobs 12
[Sat Mar 22 22:05:58 2025] Launched synth_1...
Run output will be captured here: /home/lukas/OneDrive/raspberry/hdlc_playground/spi_fpga/spi_slave/spi_slave.runs/synth_1/runme.log
[Sat Mar 22 22:05:58 2025] Launched impl_1...
Run output will be captured here: /home/lukas/OneDrive/raspberry/hdlc_playground/spi_fpga/spi_slave/spi_slave.runs/impl_1/runme.log
WARNING: [filemgmt 56-199] Attempt to get parsing info during refresh. "On-the-fly" syntax checking information may be incorrect. [/home/lukas/OneDrive/raspberry/hdlc_playground/spi_fpga/spi_slave/spi_slave.srcs/sources_1/new/top_spi_slave_led.v:]
WARNING: [filemgmt 56-199] Attempt to get parsing info during refresh. "On-the-fly" syntax checking information may be incorrect. [/home/lukas/OneDrive/raspberry/hdlc_playground/spi_fpga/spi_slave/spi_slave.srcs/sources_1/new/spi_slave.v:]
WARNING: [filemgmt 56-199] Attempt to get parsing info during refresh. "On-the-fly" syntax checking information may be incorrect. [/home/lukas/OneDrive/raspberry/hdlc_playground/spi_fpga/spi_slave/spi_slave.srcs/sources_1/new/top_spi_slave_led.v:]
WARNING: [filemgmt 56-199] Attempt to get parsing info during refresh. "On-the-fly" syntax checking information may be incorrect. [/home/lukas/OneDrive/raspberry/hdlc_playground/spi_fpga/spi_slave/spi_slave.srcs/sources_1/new/top_spi_slave_led.v:]
exit
INFO: [Common 17-206] Exiting Vivado at Sat Mar 22 22:12:52 2025...
