
*** Running vivado
    with args -log top_spi_slave_led.vdi -applog -m64 -product Vivado -messageDb vivado.pb -mode batch -source top_spi_slave_led.tcl -notrace


****** Vivado v2024.2 (64-bit)
  **** SW Build 5239630 on Fri Nov 08 22:34:34 MST 2024
  **** IP Build 5239520 on Sun Nov 10 16:12:51 MST 2024
  **** SharedData Build 5239561 on Fri Nov 08 14:39:27 MST 2024
  **** Start of session at: Mon Mar 24 21:50:46 2025
    ** Copyright 1986-2022 Xilinx, Inc. All Rights Reserved.
    ** Copyright 2022-2024 Advanced Micro Devices, Inc. All Rights Reserved.

source top_spi_slave_led.tcl -notrace
create_project: Time (s): cpu = 00:00:05 ; elapsed = 00:00:05 . Memory (MB): peak = 1511.918 ; gain = 41.840 ; free physical = 10927 ; free virtual = 24610
Command: link_design -top top_spi_slave_led -part xc7a35tcpg236-1
Design is defaulting to srcset: sources_1
Design is defaulting to constrset: constrs_1
INFO: [Device 21-403] Loading part xc7a35tcpg236-1
Netlist sorting complete. Time (s): cpu = 00:00:00 ; elapsed = 00:00:00 . Memory (MB): peak = 1696.988 ; gain = 0.000 ; free physical = 10746 ; free virtual = 24428
INFO: [Project 1-479] Netlist was created with Vivado 2024.2
INFO: [Project 1-570] Preparing netlist for logic optimization
Parsing XDC File [/home/lukas/OneDrive/raspberry/hdlc_playground/spi_fpga/spi_slave/spi_slave.srcs/constrs_1/new/spi_constr.xdc]
Finished Parsing XDC File [/home/lukas/OneDrive/raspberry/hdlc_playground/spi_fpga/spi_slave/spi_slave.srcs/constrs_1/new/spi_constr.xdc]
INFO: [Opt 31-138] Pushed 0 inverter(s) to 0 load pin(s).
Netlist sorting complete. Time (s): cpu = 00:00:00 ; elapsed = 00:00:00 . Memory (MB): peak = 1904.672 ; gain = 0.000 ; free physical = 10646 ; free virtual = 24329
INFO: [Project 1-111] Unisim Transformation Summary:
No Unisim elements were transformed.

5 Infos, 0 Warnings, 0 Critical Warnings and 0 Errors encountered.
link_design completed successfully
Command: opt_design
Attempting to get a license for feature 'Implementation' and/or device 'xc7a35t'
INFO: [Common 17-349] Got license for feature 'Implementation' and/or device 'xc7a35t'
Running DRC as a precondition to command opt_design

Starting DRC Task
INFO: [DRC 23-27] Running DRC with 8 threads
INFO: [Project 1-461] DRC finished with 0 Errors
INFO: [Project 1-462] Please refer to the DRC report (report_drc) for more information.

Time (s): cpu = 00:00:02 ; elapsed = 00:00:00.4 . Memory (MB): peak = 1995.922 ; gain = 85.312 ; free physical = 10592 ; free virtual = 24274

Starting Cache Timing Information Task
INFO: [Timing 38-35] Done setting XDC timing constraints.
Ending Cache Timing Information Task | Checksum: 201c2384f

Time (s): cpu = 00:00:04 ; elapsed = 00:00:04 . Memory (MB): peak = 2441.781 ; gain = 445.859 ; free physical = 10220 ; free virtual = 23909

Starting Logic Optimization Task

Phase 1 Initialization

Phase 1.1 Core Generation And Design Setup
Phase 1.1 Core Generation And Design Setup | Checksum: 201c2384f

Time (s): cpu = 00:00:00 ; elapsed = 00:00:00 . Memory (MB): peak = 2777.672 ; gain = 0.000 ; free physical = 9901 ; free virtual = 23584

Phase 1.2 Setup Constraints And Sort Netlist
Phase 1.2 Setup Constraints And Sort Netlist | Checksum: 201c2384f

Time (s): cpu = 00:00:00 ; elapsed = 00:00:00 . Memory (MB): peak = 2777.672 ; gain = 0.000 ; free physical = 9901 ; free virtual = 23584
Phase 1 Initialization | Checksum: 201c2384f

Time (s): cpu = 00:00:00 ; elapsed = 00:00:00 . Memory (MB): peak = 2777.672 ; gain = 0.000 ; free physical = 9901 ; free virtual = 23584

Phase 2 Timer Update And Timing Data Collection

Phase 2.1 Timer Update
Phase 2.1 Timer Update | Checksum: 201c2384f

Time (s): cpu = 00:00:00 ; elapsed = 00:00:00 . Memory (MB): peak = 2777.672 ; gain = 0.000 ; free physical = 9901 ; free virtual = 23584

Phase 2.2 Timing Data Collection
Phase 2.2 Timing Data Collection | Checksum: 201c2384f

Time (s): cpu = 00:00:00 ; elapsed = 00:00:00.01 . Memory (MB): peak = 2777.672 ; gain = 0.000 ; free physical = 9901 ; free virtual = 23584
Phase 2 Timer Update And Timing Data Collection | Checksum: 201c2384f

Time (s): cpu = 00:00:00 ; elapsed = 00:00:00.01 . Memory (MB): peak = 2777.672 ; gain = 0.000 ; free physical = 9901 ; free virtual = 23584

Phase 3 Retarget
INFO: [Opt 31-1851] Number of loadless carry chains removed were: 0
INFO: [Opt 31-1834] Total Chains To Be Transformed Were: 0 AND Number of Transformed insts Created are: 0
INFO: [Opt 31-138] Pushed 0 inverter(s) to 0 load pin(s).
INFO: [Opt 31-49] Retargeted 0 cell(s).
Phase 3 Retarget | Checksum: 201c2384f

Time (s): cpu = 00:00:00.01 ; elapsed = 00:00:00.02 . Memory (MB): peak = 2777.672 ; gain = 0.000 ; free physical = 9901 ; free virtual = 23584
Retarget | Checksum: 201c2384f
INFO: [Opt 31-389] Phase Retarget created 0 cells and removed 0 cells

Phase 4 Constant propagation
INFO: [Opt 31-138] Pushed 0 inverter(s) to 0 load pin(s).
Phase 4 Constant propagation | Checksum: 201c2384f

Time (s): cpu = 00:00:00.01 ; elapsed = 00:00:00.02 . Memory (MB): peak = 2777.672 ; gain = 0.000 ; free physical = 9901 ; free virtual = 23584
Constant propagation | Checksum: 201c2384f
INFO: [Opt 31-389] Phase Constant propagation created 0 cells and removed 0 cells

Phase 5 Sweep
INFO: [Constraints 18-11670] Building netlist checker database with flags, 0x8
Done building netlist checker database: Time (s): cpu = 00:00:00 ; elapsed = 00:00:00 . Memory (MB): peak = 2777.672 ; gain = 0.000 ; free physical = 9901 ; free virtual = 23584
Phase 5 Sweep | Checksum: 201c2384f

Time (s): cpu = 00:00:00.01 ; elapsed = 00:00:00.02 . Memory (MB): peak = 2777.672 ; gain = 0.000 ; free physical = 9901 ; free virtual = 23584
Sweep | Checksum: 201c2384f
INFO: [Opt 31-389] Phase Sweep created 0 cells and removed 0 cells

Phase 6 BUFG optimization
Phase 6 BUFG optimization | Checksum: 201c2384f

Time (s): cpu = 00:00:00.01 ; elapsed = 00:00:00.02 . Memory (MB): peak = 2809.688 ; gain = 32.016 ; free physical = 9901 ; free virtual = 23584
BUFG optimization | Checksum: 201c2384f
INFO: [Opt 31-662] Phase BUFG optimization created 0 cells of which 0 are BUFGs and removed 0 cells.

Phase 7 Shift Register Optimization
INFO: [Opt 31-1064] SRL Remap converted 0 SRLs to 0 registers and converted 0 registers of register chains to 0 SRLs
Phase 7 Shift Register Optimization | Checksum: 201c2384f

Time (s): cpu = 00:00:00.01 ; elapsed = 00:00:00.02 . Memory (MB): peak = 2809.688 ; gain = 32.016 ; free physical = 9901 ; free virtual = 23584
Shift Register Optimization | Checksum: 201c2384f
INFO: [Opt 31-389] Phase Shift Register Optimization created 0 cells and removed 0 cells

Phase 8 Post Processing Netlist
Phase 8 Post Processing Netlist | Checksum: 201c2384f

Time (s): cpu = 00:00:00.01 ; elapsed = 00:00:00.02 . Memory (MB): peak = 2809.688 ; gain = 32.016 ; free physical = 9901 ; free virtual = 23584
Post Processing Netlist | Checksum: 201c2384f
INFO: [Opt 31-389] Phase Post Processing Netlist created 0 cells and removed 0 cells

Phase 9 Finalization

Phase 9.1 Finalizing Design Cores and Updating Shapes
Phase 9.1 Finalizing Design Cores and Updating Shapes | Checksum: 201c2384f

Time (s): cpu = 00:00:00.01 ; elapsed = 00:00:00.03 . Memory (MB): peak = 2809.688 ; gain = 32.016 ; free physical = 9901 ; free virtual = 23584

Phase 9.2 Verifying Netlist Connectivity

Starting Connectivity Check Task

Time (s): cpu = 00:00:00 ; elapsed = 00:00:00 . Memory (MB): peak = 2809.688 ; gain = 0.000 ; free physical = 9901 ; free virtual = 23584
Phase 9.2 Verifying Netlist Connectivity | Checksum: 201c2384f

Time (s): cpu = 00:00:00.01 ; elapsed = 00:00:00.03 . Memory (MB): peak = 2809.688 ; gain = 32.016 ; free physical = 9901 ; free virtual = 23584
Phase 9 Finalization | Checksum: 201c2384f

Time (s): cpu = 00:00:00.01 ; elapsed = 00:00:00.03 . Memory (MB): peak = 2809.688 ; gain = 32.016 ; free physical = 9901 ; free virtual = 23584
Opt_design Change Summary
=========================


-------------------------------------------------------------------------------------------------------------------------
|  Phase                        |  #Cells created  |  #Cells Removed  |  #Constrained objects preventing optimizations  |
-------------------------------------------------------------------------------------------------------------------------
|  Retarget                     |               0  |               0  |                                              0  |
|  Constant propagation         |               0  |               0  |                                              0  |
|  Sweep                        |               0  |               0  |                                              0  |
|  BUFG optimization            |               0  |               0  |                                              0  |
|  Shift Register Optimization  |               0  |               0  |                                              0  |
|  Post Processing Netlist      |               0  |               0  |                                              0  |
-------------------------------------------------------------------------------------------------------------------------


Ending Logic Optimization Task | Checksum: 201c2384f

Time (s): cpu = 00:00:00.01 ; elapsed = 00:00:00.03 . Memory (MB): peak = 2809.688 ; gain = 32.016 ; free physical = 9901 ; free virtual = 23584

Starting Power Optimization Task
INFO: [Pwropt 34-132] Skipping clock gating for clocks with a period < 2.00 ns.
Ending Power Optimization Task | Checksum: 201c2384f

Time (s): cpu = 00:00:00.01 ; elapsed = 00:00:00 . Memory (MB): peak = 2809.688 ; gain = 0.000 ; free physical = 9901 ; free virtual = 23584

Starting Final Cleanup Task
Ending Final Cleanup Task | Checksum: 201c2384f

Time (s): cpu = 00:00:00 ; elapsed = 00:00:00 . Memory (MB): peak = 2809.688 ; gain = 0.000 ; free physical = 9901 ; free virtual = 23584

Starting Netlist Obfuscation Task
Netlist sorting complete. Time (s): cpu = 00:00:00 ; elapsed = 00:00:00 . Memory (MB): peak = 2809.688 ; gain = 0.000 ; free physical = 9901 ; free virtual = 23584
Ending Netlist Obfuscation Task | Checksum: 201c2384f

Time (s): cpu = 00:00:00 ; elapsed = 00:00:00 . Memory (MB): peak = 2809.688 ; gain = 0.000 ; free physical = 9901 ; free virtual = 23584
INFO: [Common 17-83] Releasing license: Implementation
25 Infos, 0 Warnings, 0 Critical Warnings and 0 Errors encountered.
opt_design completed successfully
opt_design: Time (s): cpu = 00:00:07 ; elapsed = 00:00:06 . Memory (MB): peak = 2809.688 ; gain = 899.078 ; free physical = 9901 ; free virtual = 23584
INFO: [Vivado 12-24828] Executing command : report_drc -file top_spi_slave_led_drc_opted.rpt -pb top_spi_slave_led_drc_opted.pb -rpx top_spi_slave_led_drc_opted.rpx
Command: report_drc -file top_spi_slave_led_drc_opted.rpt -pb top_spi_slave_led_drc_opted.pb -rpx top_spi_slave_led_drc_opted.rpx
INFO: [IP_Flow 19-234] Refreshing IP repositories
INFO: [IP_Flow 19-1704] No user IP repositories specified
INFO: [IP_Flow 19-2313] Loaded Vivado IP repository '/home/lukas/fpga_vivado/Vivado/2024.2/data/ip'.
INFO: [DRC 23-27] Running DRC with 8 threads
INFO: [Vivado_Tcl 2-168] The results of DRC are in file /home/lukas/OneDrive/raspberry/hdlc_playground/spi_fpga/spi_slave/spi_slave.runs/impl_1/top_spi_slave_led_drc_opted.rpt.
report_drc completed successfully
INFO: [Timing 38-480] Writing timing data to binary archive.
Write ShapeDB Complete: Time (s): cpu = 00:00:00 ; elapsed = 00:00:00 . Memory (MB): peak = 2812.656 ; gain = 0.000 ; free physical = 9884 ; free virtual = 23567
Wrote PlaceDB: Time (s): cpu = 00:00:00 ; elapsed = 00:00:00 . Memory (MB): peak = 2812.656 ; gain = 0.000 ; free physical = 9884 ; free virtual = 23567
Wrote PulsedLatchDB: Time (s): cpu = 00:00:00 ; elapsed = 00:00:00 . Memory (MB): peak = 2812.656 ; gain = 0.000 ; free physical = 9884 ; free virtual = 23567
Writing XDEF routing.
Writing XDEF routing logical nets.
Writing XDEF routing special nets.
Wrote RouteStorage: Time (s): cpu = 00:00:00.02 ; elapsed = 00:00:00.01 . Memory (MB): peak = 2812.656 ; gain = 0.000 ; free physical = 9884 ; free virtual = 23567
Wrote Netlist Cache: Time (s): cpu = 00:00:00 ; elapsed = 00:00:00 . Memory (MB): peak = 2812.656 ; gain = 0.000 ; free physical = 9884 ; free virtual = 23567
Wrote Device Cache: Time (s): cpu = 00:00:00.01 ; elapsed = 00:00:00.01 . Memory (MB): peak = 2812.656 ; gain = 0.000 ; free physical = 9884 ; free virtual = 23568
Write Physdb Complete: Time (s): cpu = 00:00:00.03 ; elapsed = 00:00:00.02 . Memory (MB): peak = 2812.656 ; gain = 0.000 ; free physical = 9884 ; free virtual = 23568
INFO: [Common 17-1381] The checkpoint '/home/lukas/OneDrive/raspberry/hdlc_playground/spi_fpga/spi_slave/spi_slave.runs/impl_1/top_spi_slave_led_opt.dcp' has been generated.
Command: place_design
Attempting to get a license for feature 'Implementation' and/or device 'xc7a35t'
INFO: [Common 17-349] Got license for feature 'Implementation' and/or device 'xc7a35t'
INFO: [Common 17-83] Releasing license: Implementation
INFO: [DRC 23-27] Running DRC with 8 threads
INFO: [Vivado_Tcl 4-198] DRC finished with 0 Errors
INFO: [Vivado_Tcl 4-199] Please refer to the DRC report (report_drc) for more information.
Running DRC as a precondition to command place_design
INFO: [DRC 23-27] Running DRC with 8 threads
INFO: [Vivado_Tcl 4-198] DRC finished with 0 Errors
INFO: [Vivado_Tcl 4-199] Please refer to the DRC report (report_drc) for more information.
INFO: [Place 30-611] Multithreading enabled for place_design using a maximum of 8 CPUs

Starting Placer Task

Phase 1 Placer Initialization

Phase 1.1 Placer Initialization Netlist Sorting
Netlist sorting complete. Time (s): cpu = 00:00:00 ; elapsed = 00:00:00 . Memory (MB): peak = 2851.352 ; gain = 0.000 ; free physical = 9849 ; free virtual = 23530
Phase 1.1 Placer Initialization Netlist Sorting | Checksum: 1e584a9c0

Time (s): cpu = 00:00:00 ; elapsed = 00:00:00 . Memory (MB): peak = 2851.352 ; gain = 0.000 ; free physical = 9849 ; free virtual = 23530
Netlist sorting complete. Time (s): cpu = 00:00:00 ; elapsed = 00:00:00 . Memory (MB): peak = 2851.352 ; gain = 0.000 ; free physical = 9849 ; free virtual = 23530

Phase 1.2 IO Placement/ Clock Placement/ Build Placer Device
INFO: [Timing 38-35] Done setting XDC timing constraints.
Phase 1.2 IO Placement/ Clock Placement/ Build Placer Device | Checksum: 1c3e8164c

Time (s): cpu = 00:00:00.22 ; elapsed = 00:00:00.08 . Memory (MB): peak = 2851.352 ; gain = 0.000 ; free physical = 9839 ; free virtual = 23520

Phase 1.3 Build Placer Netlist Model
Phase 1.3 Build Placer Netlist Model | Checksum: 27ec34dbe

Time (s): cpu = 00:00:00.27 ; elapsed = 00:00:00.1 . Memory (MB): peak = 2851.352 ; gain = 0.000 ; free physical = 9839 ; free virtual = 23520

Phase 1.4 Constrain Clocks/Macros
Phase 1.4 Constrain Clocks/Macros | Checksum: 27ec34dbe

Time (s): cpu = 00:00:00.27 ; elapsed = 00:00:00.1 . Memory (MB): peak = 2851.352 ; gain = 0.000 ; free physical = 9839 ; free virtual = 23520
Phase 1 Placer Initialization | Checksum: 27ec34dbe

Time (s): cpu = 00:00:00.27 ; elapsed = 00:00:00.1 . Memory (MB): peak = 2851.352 ; gain = 0.000 ; free physical = 9839 ; free virtual = 23520

Phase 2 Global Placement

Phase 2.1 Floorplanning
Phase 2.1 Floorplanning | Checksum: 27ec34dbe

Time (s): cpu = 00:00:00.28 ; elapsed = 00:00:00.1 . Memory (MB): peak = 2851.352 ; gain = 0.000 ; free physical = 9839 ; free virtual = 23520

Phase 2.2 Update Timing before SLR Path Opt
Phase 2.2 Update Timing before SLR Path Opt | Checksum: 27ec34dbe

Time (s): cpu = 00:00:00.28 ; elapsed = 00:00:00.1 . Memory (MB): peak = 2851.352 ; gain = 0.000 ; free physical = 9839 ; free virtual = 23520

Phase 2.3 Post-Processing in Floorplanning
Phase 2.3 Post-Processing in Floorplanning | Checksum: 27ec34dbe

Time (s): cpu = 00:00:00.28 ; elapsed = 00:00:00.11 . Memory (MB): peak = 2851.352 ; gain = 0.000 ; free physical = 9839 ; free virtual = 23520

Phase 2.4 Global Place Phase1
Phase 2.4 Global Place Phase1 | Checksum: 23a7230aa

Time (s): cpu = 00:00:01 ; elapsed = 00:00:00.35 . Memory (MB): peak = 2875.363 ; gain = 24.012 ; free physical = 9891 ; free virtual = 23574

Phase 2.5 Global Place Phase2
WARNING: [Place 46-29] Timing had been disabled during Placer and, therefore, physical synthesis in Placer will be skipped.
Phase 2.5 Global Place Phase2 | Checksum: 1f110a0d0

Time (s): cpu = 00:00:01 ; elapsed = 00:00:00.38 . Memory (MB): peak = 2875.363 ; gain = 24.012 ; free physical = 9894 ; free virtual = 23577
Phase 2 Global Placement | Checksum: 1f110a0d0

Time (s): cpu = 00:00:01 ; elapsed = 00:00:00.39 . Memory (MB): peak = 2875.363 ; gain = 24.012 ; free physical = 9894 ; free virtual = 23577

Phase 3 Detail Placement

Phase 3.1 Commit Multi Column Macros
Phase 3.1 Commit Multi Column Macros | Checksum: 1f110a0d0

Time (s): cpu = 00:00:01 ; elapsed = 00:00:00.39 . Memory (MB): peak = 2875.363 ; gain = 24.012 ; free physical = 9894 ; free virtual = 23577

Phase 3.2 Commit Most Macros & LUTRAMs
Phase 3.2 Commit Most Macros & LUTRAMs | Checksum: 2a858a1bd

Time (s): cpu = 00:00:01 ; elapsed = 00:00:00.39 . Memory (MB): peak = 2875.363 ; gain = 24.012 ; free physical = 9894 ; free virtual = 23577

Phase 3.3 Area Swap Optimization
Phase 3.3 Area Swap Optimization | Checksum: 29d12469f

Time (s): cpu = 00:00:01 ; elapsed = 00:00:00.4 . Memory (MB): peak = 2875.363 ; gain = 24.012 ; free physical = 9894 ; free virtual = 23577

Phase 3.4 Pipeline Register Optimization
Phase 3.4 Pipeline Register Optimization | Checksum: 29d12469f

Time (s): cpu = 00:00:01 ; elapsed = 00:00:00.4 . Memory (MB): peak = 2875.363 ; gain = 24.012 ; free physical = 9894 ; free virtual = 23577

Phase 3.5 Small Shape Detail Placement
Phase 3.5 Small Shape Detail Placement | Checksum: 2021b9ce6

Time (s): cpu = 00:00:01 ; elapsed = 00:00:00.44 . Memory (MB): peak = 2875.363 ; gain = 24.012 ; free physical = 9892 ; free virtual = 23574

Phase 3.6 Re-assign LUT pins
Phase 3.6 Re-assign LUT pins | Checksum: 2021b9ce6

Time (s): cpu = 00:00:01 ; elapsed = 00:00:00.45 . Memory (MB): peak = 2875.363 ; gain = 24.012 ; free physical = 9892 ; free virtual = 23574

Phase 3.7 Pipeline Register Optimization
Phase 3.7 Pipeline Register Optimization | Checksum: 2021b9ce6

Time (s): cpu = 00:00:01 ; elapsed = 00:00:00.45 . Memory (MB): peak = 2875.363 ; gain = 24.012 ; free physical = 9892 ; free virtual = 23574
Phase 3 Detail Placement | Checksum: 2021b9ce6

Time (s): cpu = 00:00:01 ; elapsed = 00:00:00.45 . Memory (MB): peak = 2875.363 ; gain = 24.012 ; free physical = 9892 ; free virtual = 23574

Phase 4 Post Placement Optimization and Clean-Up

Phase 4.1 Post Commit Optimization
Phase 4.1 Post Commit Optimization | Checksum: 2021b9ce6

Time (s): cpu = 00:00:02 ; elapsed = 00:00:00.46 . Memory (MB): peak = 2875.363 ; gain = 24.012 ; free physical = 9892 ; free virtual = 23574

Phase 4.2 Post Placement Cleanup
Phase 4.2 Post Placement Cleanup | Checksum: 2021b9ce6

Time (s): cpu = 00:00:02 ; elapsed = 00:00:00.47 . Memory (MB): peak = 2875.363 ; gain = 24.012 ; free physical = 9892 ; free virtual = 23574

Phase 4.3 Placer Reporting

Phase 4.3.1 Print Estimated Congestion
INFO: [Place 30-612] Post-Placement Estimated Congestion 
 ____________________________________________________
|           | Global Congestion | Short Congestion  |
| Direction | Region Size       | Region Size       |
|___________|___________________|___________________|
|      North|                1x1|                1x1|
|___________|___________________|___________________|
|      South|                1x1|                1x1|
|___________|___________________|___________________|
|       East|                1x1|                1x1|
|___________|___________________|___________________|
|       West|                1x1|                1x1|
|___________|___________________|___________________|

Phase 4.3.1 Print Estimated Congestion | Checksum: 2021b9ce6

Time (s): cpu = 00:00:02 ; elapsed = 00:00:00.47 . Memory (MB): peak = 2875.363 ; gain = 24.012 ; free physical = 9892 ; free virtual = 23574
Phase 4.3 Placer Reporting | Checksum: 2021b9ce6

Time (s): cpu = 00:00:02 ; elapsed = 00:00:00.47 . Memory (MB): peak = 2875.363 ; gain = 24.012 ; free physical = 9892 ; free virtual = 23574

Phase 4.4 Final Placement Cleanup
Netlist sorting complete. Time (s): cpu = 00:00:00 ; elapsed = 00:00:00 . Memory (MB): peak = 2875.363 ; gain = 0.000 ; free physical = 9892 ; free virtual = 23574

Time (s): cpu = 00:00:02 ; elapsed = 00:00:00.47 . Memory (MB): peak = 2875.363 ; gain = 24.012 ; free physical = 9892 ; free virtual = 23574
Phase 4 Post Placement Optimization and Clean-Up | Checksum: 1a71d75b6

Time (s): cpu = 00:00:02 ; elapsed = 00:00:00.47 . Memory (MB): peak = 2875.363 ; gain = 24.012 ; free physical = 9892 ; free virtual = 23574
Ending Placer Task | Checksum: 152140343

Time (s): cpu = 00:00:02 ; elapsed = 00:00:00.47 . Memory (MB): peak = 2875.363 ; gain = 24.012 ; free physical = 9892 ; free virtual = 23574
44 Infos, 1 Warnings, 0 Critical Warnings and 0 Errors encountered.
place_design completed successfully
INFO: [Vivado 12-24838] Running report commands "report_control_sets, report_io, report_utilization" in parallel.
Running report generation with 3 threads.
INFO: [Vivado 12-24828] Executing command : report_control_sets -verbose -file top_spi_slave_led_control_sets_placed.rpt
report_control_sets: Time (s): cpu = 00:00:00.02 ; elapsed = 00:00:00.06 . Memory (MB): peak = 2875.363 ; gain = 0.000 ; free physical = 9870 ; free virtual = 23552
INFO: [Vivado 12-24828] Executing command : report_utilization -file top_spi_slave_led_utilization_placed.rpt -pb top_spi_slave_led_utilization_placed.pb
INFO: [Vivado 12-24828] Executing command : report_io -file top_spi_slave_led_io_placed.rpt
report_io: Time (s): cpu = 00:00:00.08 ; elapsed = 00:00:00.15 . Memory (MB): peak = 2875.363 ; gain = 0.000 ; free physical = 9859 ; free virtual = 23542
INFO: [Timing 38-480] Writing timing data to binary archive.
Write ShapeDB Complete: Time (s): cpu = 00:00:00 ; elapsed = 00:00:00 . Memory (MB): peak = 2875.363 ; gain = 0.000 ; free physical = 9859 ; free virtual = 23542
Wrote PlaceDB: Time (s): cpu = 00:00:00.01 ; elapsed = 00:00:00 . Memory (MB): peak = 2875.363 ; gain = 0.000 ; free physical = 9859 ; free virtual = 23542
Wrote PulsedLatchDB: Time (s): cpu = 00:00:00 ; elapsed = 00:00:00.01 . Memory (MB): peak = 2875.363 ; gain = 0.000 ; free physical = 9859 ; free virtual = 23542
Writing XDEF routing.
Writing XDEF routing logical nets.
Writing XDEF routing special nets.
Wrote RouteStorage: Time (s): cpu = 00:00:00.01 ; elapsed = 00:00:00 . Memory (MB): peak = 2875.363 ; gain = 0.000 ; free physical = 9859 ; free virtual = 23542
Wrote Netlist Cache: Time (s): cpu = 00:00:00 ; elapsed = 00:00:00 . Memory (MB): peak = 2875.363 ; gain = 0.000 ; free physical = 9859 ; free virtual = 23542
Wrote Device Cache: Time (s): cpu = 00:00:00 ; elapsed = 00:00:00.01 . Memory (MB): peak = 2875.363 ; gain = 0.000 ; free physical = 9859 ; free virtual = 23542
Write Physdb Complete: Time (s): cpu = 00:00:00.03 ; elapsed = 00:00:00.02 . Memory (MB): peak = 2875.363 ; gain = 0.000 ; free physical = 9859 ; free virtual = 23542
INFO: [Common 17-1381] The checkpoint '/home/lukas/OneDrive/raspberry/hdlc_playground/spi_fpga/spi_slave/spi_slave.runs/impl_1/top_spi_slave_led_placed.dcp' has been generated.
Command: phys_opt_design
Attempting to get a license for feature 'Implementation' and/or device 'xc7a35t'
INFO: [Common 17-349] Got license for feature 'Implementation' and/or device 'xc7a35t'

Starting Initial Update Timing Task

Time (s): cpu = 00:00:00.01 ; elapsed = 00:00:00.01 . Memory (MB): peak = 2875.363 ; gain = 0.000 ; free physical = 9848 ; free virtual = 23531
INFO: [Vivado_Tcl 4-235] No timing constraint found. The netlist was not modified.
INFO: [Common 17-83] Releasing license: Implementation
53 Infos, 1 Warnings, 0 Critical Warnings and 0 Errors encountered.
phys_opt_design completed successfully
INFO: [Timing 38-480] Writing timing data to binary archive.
Write ShapeDB Complete: Time (s): cpu = 00:00:00 ; elapsed = 00:00:00 . Memory (MB): peak = 2875.363 ; gain = 0.000 ; free physical = 9848 ; free virtual = 23531
Wrote PlaceDB: Time (s): cpu = 00:00:00.01 ; elapsed = 00:00:00 . Memory (MB): peak = 2875.363 ; gain = 0.000 ; free physical = 9848 ; free virtual = 23531
Wrote PulsedLatchDB: Time (s): cpu = 00:00:00 ; elapsed = 00:00:00 . Memory (MB): peak = 2875.363 ; gain = 0.000 ; free physical = 9848 ; free virtual = 23531
Writing XDEF routing.
Writing XDEF routing logical nets.
Writing XDEF routing special nets.
Wrote RouteStorage: Time (s): cpu = 00:00:00.02 ; elapsed = 00:00:00.01 . Memory (MB): peak = 2875.363 ; gain = 0.000 ; free physical = 9844 ; free virtual = 23527
Wrote Netlist Cache: Time (s): cpu = 00:00:00 ; elapsed = 00:00:00 . Memory (MB): peak = 2875.363 ; gain = 0.000 ; free physical = 9844 ; free virtual = 23527
Wrote Device Cache: Time (s): cpu = 00:00:00 ; elapsed = 00:00:00.01 . Memory (MB): peak = 2875.363 ; gain = 0.000 ; free physical = 9842 ; free virtual = 23526
Write Physdb Complete: Time (s): cpu = 00:00:00.04 ; elapsed = 00:00:00.02 . Memory (MB): peak = 2875.363 ; gain = 0.000 ; free physical = 9842 ; free virtual = 23526
INFO: [Common 17-1381] The checkpoint '/home/lukas/OneDrive/raspberry/hdlc_playground/spi_fpga/spi_slave/spi_slave.runs/impl_1/top_spi_slave_led_physopt.dcp' has been generated.
Command: route_design
Attempting to get a license for feature 'Implementation' and/or device 'xc7a35t'
INFO: [Common 17-349] Got license for feature 'Implementation' and/or device 'xc7a35t'


Starting Routing Task
INFO: [Route 35-254] Multithreading enabled for route_design using a maximum of 8 CPUs

Phase 1 Build RT Design
Checksum: PlaceDB: 780d9739 ConstDB: 0 ShapeSum: 39850fb3 RouteDB: a0815c57
Post Restoration Checksum: NetGraph: 7eca7506 | NumContArr: 279a0caa | Constraints: c2a8fa9d | Timing: c2a8fa9d
Phase 1 Build RT Design | Checksum: 22bb676ea

Time (s): cpu = 00:00:11 ; elapsed = 00:00:10 . Memory (MB): peak = 2936.316 ; gain = 60.953 ; free physical = 9689 ; free virtual = 23379

Phase 2 Router Initialization
INFO: [Route 35-64] No timing constraints were detected. The router will operate in resource-optimization mode.

Phase 2.1 Fix Topology Constraints
Phase 2.1 Fix Topology Constraints | Checksum: 22bb676ea

Time (s): cpu = 00:00:11 ; elapsed = 00:00:10 . Memory (MB): peak = 2967.316 ; gain = 91.953 ; free physical = 9658 ; free virtual = 23348

Phase 2.2 Pre Route Cleanup
Phase 2.2 Pre Route Cleanup | Checksum: 22bb676ea

Time (s): cpu = 00:00:11 ; elapsed = 00:00:10 . Memory (MB): peak = 2967.316 ; gain = 91.953 ; free physical = 9658 ; free virtual = 23348
 Number of Nodes with overlaps = 0

Router Utilization Summary
  Global Vertical Routing Utilization    = 0 %
  Global Horizontal Routing Utilization  = 0 %
  Routable Net Status*
  *Does not include unroutable nets such as driverless and loadless.
  Run report_route_status for detailed report.
  Number of Failed Nets               = 32
    (Failed Nets is the sum of unrouted and partially routed nets)
  Number of Unrouted Nets             = 32
  Number of Partially Routed Nets     = 0
  Number of Node Overlaps             = 0

Phase 2 Router Initialization | Checksum: 279471b46

Time (s): cpu = 00:00:12 ; elapsed = 00:00:10 . Memory (MB): peak = 2986.316 ; gain = 110.953 ; free physical = 9634 ; free virtual = 23324

Phase 3 Global Routing
Phase 3 Global Routing | Checksum: 279471b46

Time (s): cpu = 00:00:12 ; elapsed = 00:00:10 . Memory (MB): peak = 2986.316 ; gain = 110.953 ; free physical = 9634 ; free virtual = 23324

Phase 4 Initial Routing

Phase 4.1 Initial Net Routing Pass
Phase 4.1 Initial Net Routing Pass | Checksum: 3169e605a

Time (s): cpu = 00:00:12 ; elapsed = 00:00:10 . Memory (MB): peak = 2986.316 ; gain = 110.953 ; free physical = 9634 ; free virtual = 23324
Phase 4 Initial Routing | Checksum: 3169e605a

Time (s): cpu = 00:00:12 ; elapsed = 00:00:10 . Memory (MB): peak = 2986.316 ; gain = 110.953 ; free physical = 9634 ; free virtual = 23324

Phase 5 Rip-up And Reroute

Phase 5.1 Global Iteration 0
 Number of Nodes with overlaps = 2
 Number of Nodes with overlaps = 0
Phase 5.1 Global Iteration 0 | Checksum: 1e0bd8e20

Time (s): cpu = 00:00:12 ; elapsed = 00:00:10 . Memory (MB): peak = 2986.316 ; gain = 110.953 ; free physical = 9646 ; free virtual = 23334
Phase 5 Rip-up And Reroute | Checksum: 1e0bd8e20

Time (s): cpu = 00:00:12 ; elapsed = 00:00:10 . Memory (MB): peak = 2986.316 ; gain = 110.953 ; free physical = 9646 ; free virtual = 23334

Phase 6 Delay and Skew Optimization
Phase 6 Delay and Skew Optimization | Checksum: 1e0bd8e20

Time (s): cpu = 00:00:12 ; elapsed = 00:00:10 . Memory (MB): peak = 2986.316 ; gain = 110.953 ; free physical = 9646 ; free virtual = 23334

Phase 7 Post Hold Fix

Phase 7.1 Hold Fix Iter
Phase 7.1 Hold Fix Iter | Checksum: 1e0bd8e20

Time (s): cpu = 00:00:12 ; elapsed = 00:00:10 . Memory (MB): peak = 2986.316 ; gain = 110.953 ; free physical = 9646 ; free virtual = 23334
Phase 7 Post Hold Fix | Checksum: 1e0bd8e20

Time (s): cpu = 00:00:12 ; elapsed = 00:00:10 . Memory (MB): peak = 2986.316 ; gain = 110.953 ; free physical = 9646 ; free virtual = 23334

Phase 8 Route finalize

Router Utilization Summary
  Global Vertical Routing Utilization    = 0.00255122 %
  Global Horizontal Routing Utilization  = 0.00403436 %
  Routable Net Status*
  *Does not include unroutable nets such as driverless and loadless.
  Run report_route_status for detailed report.
  Number of Failed Nets               = 0
    (Failed Nets is the sum of unrouted and partially routed nets)
  Number of Unrouted Nets             = 0
  Number of Partially Routed Nets     = 0
  Number of Node Overlaps             = 0


--GLOBAL Congestion:
Utilization threshold used for congestion level computation: 0.85
Congestion Report
North Dir 1x1 Area, Max Cong = 8.10811%, No Congested Regions.
South Dir 1x1 Area, Max Cong = 1.8018%, No Congested Regions.
East Dir 1x1 Area, Max Cong = 8.82353%, No Congested Regions.
West Dir 1x1 Area, Max Cong = 7.35294%, No Congested Regions.

------------------------------
Reporting congestion hotspots
------------------------------
Direction: North
----------------
Congested clusters found at Level 0
Effective congestion level: 0 Aspect Ratio: 1 Sparse Ratio: 0
Direction: South
----------------
Congested clusters found at Level 0
Effective congestion level: 0 Aspect Ratio: 1 Sparse Ratio: 0
Direction: East
----------------
Congested clusters found at Level 0
Effective congestion level: 0 Aspect Ratio: 1 Sparse Ratio: 0
Direction: West
----------------
Congested clusters found at Level 0
Effective congestion level: 0 Aspect Ratio: 1 Sparse Ratio: 0

Phase 8 Route finalize | Checksum: 1e0bd8e20

Time (s): cpu = 00:00:12 ; elapsed = 00:00:10 . Memory (MB): peak = 2986.316 ; gain = 110.953 ; free physical = 9646 ; free virtual = 23334

Phase 9 Verifying routed nets

 Verification completed successfully
Phase 9 Verifying routed nets | Checksum: 1e0bd8e20

Time (s): cpu = 00:00:12 ; elapsed = 00:00:10 . Memory (MB): peak = 2986.316 ; gain = 110.953 ; free physical = 9646 ; free virtual = 23334

Phase 10 Depositing Routes
Phase 10 Depositing Routes | Checksum: 298f3730b

Time (s): cpu = 00:00:12 ; elapsed = 00:00:10 . Memory (MB): peak = 2986.316 ; gain = 110.953 ; free physical = 9647 ; free virtual = 23334

Phase 11 Post Process Routing
Phase 11 Post Process Routing | Checksum: 298f3730b

Time (s): cpu = 00:00:12 ; elapsed = 00:00:10 . Memory (MB): peak = 2986.316 ; gain = 110.953 ; free physical = 9647 ; free virtual = 23334
Total Elapsed time in route_design: 9.74 secs

Phase 12 Post-Route Event Processing
Phase 12 Post-Route Event Processing | Checksum: 18eb3ef13

Time (s): cpu = 00:00:12 ; elapsed = 00:00:10 . Memory (MB): peak = 2986.316 ; gain = 110.953 ; free physical = 9647 ; free virtual = 23334
INFO: [Route 35-16] Router Completed Successfully
Ending Routing Task | Checksum: 18eb3ef13

Time (s): cpu = 00:00:12 ; elapsed = 00:00:10 . Memory (MB): peak = 2986.316 ; gain = 110.953 ; free physical = 9647 ; free virtual = 23334

Routing Is Done.
INFO: [Common 17-83] Releasing license: Implementation
60 Infos, 1 Warnings, 0 Critical Warnings and 0 Errors encountered.
route_design completed successfully
route_design: Time (s): cpu = 00:00:12 ; elapsed = 00:00:10 . Memory (MB): peak = 2986.316 ; gain = 110.953 ; free physical = 9647 ; free virtual = 23334
INFO: [Vivado 12-24828] Executing command : report_drc -file top_spi_slave_led_drc_routed.rpt -pb top_spi_slave_led_drc_routed.pb -rpx top_spi_slave_led_drc_routed.rpx
Command: report_drc -file top_spi_slave_led_drc_routed.rpt -pb top_spi_slave_led_drc_routed.pb -rpx top_spi_slave_led_drc_routed.rpx
INFO: [IP_Flow 19-1839] IP Catalog is up to date.
INFO: [DRC 23-27] Running DRC with 8 threads
INFO: [Vivado_Tcl 2-168] The results of DRC are in file /home/lukas/OneDrive/raspberry/hdlc_playground/spi_fpga/spi_slave/spi_slave.runs/impl_1/top_spi_slave_led_drc_routed.rpt.
report_drc completed successfully
INFO: [Vivado 12-24828] Executing command : report_methodology -file top_spi_slave_led_methodology_drc_routed.rpt -pb top_spi_slave_led_methodology_drc_routed.pb -rpx top_spi_slave_led_methodology_drc_routed.rpx
Command: report_methodology -file top_spi_slave_led_methodology_drc_routed.rpt -pb top_spi_slave_led_methodology_drc_routed.pb -rpx top_spi_slave_led_methodology_drc_routed.rpx
INFO: [Timing 38-35] Done setting XDC timing constraints.
INFO: [DRC 23-133] Running Methodology with 8 threads
INFO: [Vivado_Tcl 2-1520] The results of Report Methodology are in file /home/lukas/OneDrive/raspberry/hdlc_playground/spi_fpga/spi_slave/spi_slave.runs/impl_1/top_spi_slave_led_methodology_drc_routed.rpt.
report_methodology completed successfully
INFO: [Vivado 12-24828] Executing command : report_timing_summary -max_paths 10 -report_unconstrained -file top_spi_slave_led_timing_summary_routed.rpt -pb top_spi_slave_led_timing_summary_routed.pb -rpx top_spi_slave_led_timing_summary_routed.rpx -warn_on_violation 
INFO: [Timing 38-35] Done setting XDC timing constraints.
INFO: [Timing 38-91] UpdateTimingParams: Speed grade: -1, Delay Type: min_max.
INFO: [Timing 38-191] Multithreading enabled for timing update using a maximum of 8 CPUs
WARNING: [Timing 38-313] There are no user specified timing constraints. Timing constraints are needed for proper timing analysis.
INFO: [Vivado 12-24838] Running report commands "report_bus_skew, report_incremental_reuse, report_route_status" in parallel.
Running report generation with 3 threads.
INFO: [Vivado 12-24828] Executing command : report_incremental_reuse -file top_spi_slave_led_incremental_reuse_routed.rpt
INFO: [Vivado_Tcl 4-1062] Incremental flow is disabled. No incremental reuse Info to report.
INFO: [Vivado 12-24828] Executing command : report_route_status -file top_spi_slave_led_route_status.rpt -pb top_spi_slave_led_route_status.pb
INFO: [Vivado 12-24828] Executing command : report_bus_skew -warn_on_violation -file top_spi_slave_led_bus_skew_routed.rpt -pb top_spi_slave_led_bus_skew_routed.pb -rpx top_spi_slave_led_bus_skew_routed.rpx
INFO: [Timing 38-91] UpdateTimingParams: Speed grade: -1, Delay Type: min_max.
INFO: [Timing 38-191] Multithreading enabled for timing update using a maximum of 8 CPUs
INFO: [Vivado 12-24828] Executing command : report_power -file top_spi_slave_led_power_routed.rpt -pb top_spi_slave_led_power_summary_routed.pb -rpx top_spi_slave_led_power_routed.rpx
Command: report_power -file top_spi_slave_led_power_routed.rpt -pb top_spi_slave_led_power_summary_routed.pb -rpx top_spi_slave_led_power_routed.rpx
WARNING: [Power 33-232] No user defined clocks were found in the design! Power estimation will be inaccurate until this is corrected.
Resolution: Please specify clocks using create_clock/create_generated_clock for sequential elements. For pure combinatorial circuits, please specify a virtual clock, otherwise the vectorless estimation might be inaccurate
Running Vector-less Activity Propagation...

Finished Running Vector-less Activity Propagation
80 Infos, 3 Warnings, 0 Critical Warnings and 0 Errors encountered.
report_power completed successfully
INFO: [Vivado 12-24828] Executing command : report_clock_utilization -file top_spi_slave_led_clock_utilization_routed.rpt
INFO: [Timing 38-480] Writing timing data to binary archive.
Write ShapeDB Complete: Time (s): cpu = 00:00:00.01 ; elapsed = 00:00:00 . Memory (MB): peak = 3139.230 ; gain = 0.000 ; free physical = 9555 ; free virtual = 23243
Wrote PlaceDB: Time (s): cpu = 00:00:00.01 ; elapsed = 00:00:00 . Memory (MB): peak = 3139.230 ; gain = 0.000 ; free physical = 9555 ; free virtual = 23243
Wrote PulsedLatchDB: Time (s): cpu = 00:00:00 ; elapsed = 00:00:00 . Memory (MB): peak = 3139.230 ; gain = 0.000 ; free physical = 9555 ; free virtual = 23243
Writing XDEF routing.
Writing XDEF routing logical nets.
Writing XDEF routing special nets.
Wrote RouteStorage: Time (s): cpu = 00:00:00.02 ; elapsed = 00:00:00.01 . Memory (MB): peak = 3139.230 ; gain = 0.000 ; free physical = 9555 ; free virtual = 23243
Wrote Netlist Cache: Time (s): cpu = 00:00:00 ; elapsed = 00:00:00 . Memory (MB): peak = 3139.230 ; gain = 0.000 ; free physical = 9555 ; free virtual = 23243
Wrote Device Cache: Time (s): cpu = 00:00:00.01 ; elapsed = 00:00:00 . Memory (MB): peak = 3139.230 ; gain = 0.000 ; free physical = 9555 ; free virtual = 23243
Write Physdb Complete: Time (s): cpu = 00:00:00.04 ; elapsed = 00:00:00.01 . Memory (MB): peak = 3139.230 ; gain = 0.000 ; free physical = 9555 ; free virtual = 23243
INFO: [Common 17-1381] The checkpoint '/home/lukas/OneDrive/raspberry/hdlc_playground/spi_fpga/spi_slave/spi_slave.runs/impl_1/top_spi_slave_led_routed.dcp' has been generated.
Command: write_bitstream -force top_spi_slave_led.bit
Attempting to get a license for feature 'Implementation' and/or device 'xc7a35t'
INFO: [Common 17-349] Got license for feature 'Implementation' and/or device 'xc7a35t'
Running DRC as a precondition to command write_bitstream
INFO: [IP_Flow 19-1839] IP Catalog is up to date.
INFO: [DRC 23-27] Running DRC with 8 threads
INFO: [Vivado 12-3199] DRC finished with 0 Errors
INFO: [Vivado 12-3200] Please refer to the DRC report (report_drc) for more information.
INFO: [Designutils 20-2272] Running write_bitstream with 8 threads.
Loading data files...
Loading site data...
Loading route data...
Processing options...
Creating bitmap...
Creating bitstream...
Writing bitstream ./top_spi_slave_led.bit...
INFO: [Vivado 12-1842] Bitgen Completed Successfully.
INFO: [Project 1-1876] WebTalk data collection is mandatory when using a ULT device. To see the specific WebTalk data collected for your design, open the usage_statistics_webtalk.html or usage_statistics_webtalk.xml file in the implementation directory.
INFO: [Common 17-83] Releasing license: Implementation
92 Infos, 3 Warnings, 0 Critical Warnings and 0 Errors encountered.
write_bitstream completed successfully
write_bitstream: Time (s): cpu = 00:00:07 ; elapsed = 00:00:15 . Memory (MB): peak = 3373.105 ; gain = 233.875 ; free physical = 9310 ; free virtual = 22999
INFO: [Common 17-206] Exiting Vivado at Mon Mar 24 21:51:31 2025...
